  [1m[35m (127.3ms)[0m  [1m[35mCREATE TABLE "schema_migrations" ("version" varchar NOT NULL PRIMARY KEY)[0m
  [1m[35m (133.0ms)[0m  [1m[35mCREATE TABLE "ar_internal_metadata" ("key" varchar NOT NULL PRIMARY KEY, "value" varchar, "created_at" datetime NOT NULL, "updated_at" datetime NOT NULL)[0m
  [1m[36mActiveRecord::SchemaMigration Load (0.3ms)[0m  [1m[34mSELECT "schema_migrations".* FROM "schema_migrations"[0m
Migrating to CreateParts (20171126232620)
  [1m[35m (0.1ms)[0m  [1m[36mbegin transaction[0m
  [1m[35m (0.9ms)[0m  [1m[35mCREATE TABLE "parts" ("id" INTEGER PRIMARY KEY AUTOINCREMENT NOT NULL, "name" varchar, "manufacturer" varchar, "cost" decimal)[0m
  [1m[35mSQL (0.5ms)[0m  [1m[32mINSERT INTO "schema_migrations" ("version") VALUES (?)[0m  [["version", "20171126232620"]]
  [1m[35m (88.8ms)[0m  [1m[36mcommit transaction[0m
  [1m[36mActiveRecord::InternalMetadata Load (1.2ms)[0m  [1m[34mSELECT  "ar_internal_metadata".* FROM "ar_internal_metadata" WHERE "ar_internal_metadata"."key" = ? LIMIT ?[0m  [["key", "environment"], ["LIMIT", 1]]
  [1m[35m (0.2ms)[0m  [1m[36mbegin transaction[0m
  [1m[35mSQL (0.8ms)[0m  [1m[32mINSERT INTO "ar_internal_metadata" ("key", "value", "created_at", "updated_at") VALUES (?, ?, ?, ?)[0m  [["key", "environment"], ["value", "development"], ["created_at", "2017-11-26 23:29:19.854892"], ["updated_at", "2017-11-26 23:29:19.854892"]]
  [1m[35m (104.8ms)[0m  [1m[36mcommit transaction[0m
  [1m[36mActiveRecord::SchemaMigration Load (0.3ms)[0m  [1m[34mSELECT "schema_migrations".* FROM "schema_migrations"[0m
  [1m[36mActiveRecord::SchemaMigration Load (0.4ms)[0m  [1m[34mSELECT "schema_migrations".* FROM "schema_migrations"[0m
  [1m[36mActiveRecord::SchemaMigration Load (0.1ms)[0m  [1m[34mSELECT "schema_migrations".* FROM "schema_migrations"[0m
Migrating to CreateParts (20171126232620)
  [1m[35m (0.1ms)[0m  [1m[36mbegin transaction[0m
  [1m[35m (1.2ms)[0m  [1m[35mDROP TABLE "parts"[0m
  [1m[35mSQL (0.8ms)[0m  [1m[31mDELETE FROM "schema_migrations" WHERE "schema_migrations"."version" = ?[0m  [["version", "20171126232620"]]
  [1m[35m (90.4ms)[0m  [1m[36mcommit transaction[0m
  [1m[36mActiveRecord::SchemaMigration Load (0.3ms)[0m  [1m[34mSELECT "schema_migrations".* FROM "schema_migrations"[0m
  [1m[36mActiveRecord::SchemaMigration Load (0.3ms)[0m  [1m[34mSELECT "schema_migrations".* FROM "schema_migrations"[0m
Migrating to CreateParts (20171126232620)
  [1m[35m (0.1ms)[0m  [1m[36mbegin transaction[0m
  [1m[35m (2.3ms)[0m  [1m[35mCREATE TABLE "parts" ("id" INTEGER PRIMARY KEY AUTOINCREMENT NOT NULL, "name" varchar, "manufacturer" varchar, "cost" decimal)[0m
  [1m[35mSQL (0.5ms)[0m  [1m[32mINSERT INTO "schema_migrations" ("version") VALUES (?)[0m  [["version", "20171126232620"]]
  [1m[35m (115.5ms)[0m  [1m[36mcommit transaction[0m
  [1m[36mActiveRecord::InternalMetadata Load (0.4ms)[0m  [1m[34mSELECT  "ar_internal_metadata".* FROM "ar_internal_metadata" WHERE "ar_internal_metadata"."key" = ? LIMIT ?[0m  [["key", "environment"], ["LIMIT", 1]]
  [1m[35m (0.1ms)[0m  [1m[36mbegin transaction[0m
  [1m[35m (0.1ms)[0m  [1m[36mcommit transaction[0m
  [1m[36mActiveRecord::SchemaMigration Load (0.4ms)[0m  [1m[34mSELECT "schema_migrations".* FROM "schema_migrations"[0m
  [1m[35m (0.3ms)[0m  [1m[34mSELECT "schema_migrations"."version" FROM "schema_migrations"[0m
  [1m[36mActiveRecord::SchemaMigration Load (0.4ms)[0m  [1m[34mSELECT "schema_migrations".* FROM "schema_migrations"[0m
Migrating to AddQuantityToParts (20171126233530)
  [1m[35m (0.2ms)[0m  [1m[36mbegin transaction[0m
  [1m[35m (2.4ms)[0m  [1m[35mALTER TABLE "parts" ADD "quantity" integer[0m
  [1m[35mSQL (1.2ms)[0m  [1m[32mINSERT INTO "schema_migrations" ("version") VALUES (?)[0m  [["version", "20171126233530"]]
  [1m[35m (103.8ms)[0m  [1m[36mcommit transaction[0m
  [1m[36mActiveRecord::InternalMetadata Load (0.7ms)[0m  [1m[34mSELECT  "ar_internal_metadata".* FROM "ar_internal_metadata" WHERE "ar_internal_metadata"."key" = ? LIMIT ?[0m  [["key", "environment"], ["LIMIT", 1]]
  [1m[35m (0.4ms)[0m  [1m[36mbegin transaction[0m
  [1m[35m (0.2ms)[0m  [1m[36mcommit transaction[0m
  [1m[36mActiveRecord::SchemaMigration Load (0.3ms)[0m  [1m[34mSELECT "schema_migrations".* FROM "schema_migrations"[0m
  [1m[35m (0.5ms)[0m  [1m[34mSELECT "schema_migrations"."version" FROM "schema_migrations"[0m
  [1m[36mActiveRecord::SchemaMigration Load (0.4ms)[0m  [1m[34mSELECT "schema_migrations".* FROM "schema_migrations"[0m
Migrating to PartyGuests (20171126234252)
  [1m[35m (0.1ms)[0m  [1m[36mbegin transaction[0m
  [1m[35m (0.1ms)[0m  [1m[31mrollback transaction[0m
  [1m[36mActiveRecord::SchemaMigration Load (0.4ms)[0m  [1m[34mSELECT "schema_migrations".* FROM "schema_migrations"[0m
Migrating to PartyGuests (20171126234252)
  [1m[35m (0.2ms)[0m  [1m[36mbegin transaction[0m
  [1m[35m (1.0ms)[0m  [1m[35mCREATE TABLE "guests" ("id" INTEGER PRIMARY KEY AUTOINCREMENT NOT NULL, "first_name" varchar, "last_name" varchar, "dietary_restrictions" text, "salary" integer, "number_of_kids" integer, "vulnerabilities" text, "illnesses" text, "medication" text, "voting_preferences" varchar)[0m
  [1m[35mSQL (0.6ms)[0m  [1m[32mINSERT INTO "schema_migrations" ("version") VALUES (?)[0m  [["version", "20171126234252"]]
  [1m[35m (157.7ms)[0m  [1m[36mcommit transaction[0m
  [1m[36mActiveRecord::InternalMetadata Load (0.4ms)[0m  [1m[34mSELECT  "ar_internal_metadata".* FROM "ar_internal_metadata" WHERE "ar_internal_metadata"."key" = ? LIMIT ?[0m  [["key", "environment"], ["LIMIT", 1]]
  [1m[35m (0.2ms)[0m  [1m[36mbegin transaction[0m
  [1m[35m (0.1ms)[0m  [1m[36mcommit transaction[0m
  [1m[36mActiveRecord::SchemaMigration Load (0.2ms)[0m  [1m[34mSELECT "schema_migrations".* FROM "schema_migrations"[0m
  [1m[36mActiveRecord::SchemaMigration Load (0.5ms)[0m  [1m[34mSELECT "schema_migrations".* FROM "schema_migrations"[0m
  [1m[36mActiveRecord::SchemaMigration Load (0.3ms)[0m  [1m[34mSELECT "schema_migrations".* FROM "schema_migrations"[0m
Migrating to PartyGuests (20171126234252)
  [1m[35m (0.2ms)[0m  [1m[36mbegin transaction[0m
  [1m[35m (6.2ms)[0m  [1m[35mDROP TABLE "guests"[0m
  [1m[35mSQL (0.5ms)[0m  [1m[31mDELETE FROM "schema_migrations" WHERE "schema_migrations"."version" = ?[0m  [["version", "20171126234252"]]
  [1m[35m (115.3ms)[0m  [1m[36mcommit transaction[0m
  [1m[36mActiveRecord::SchemaMigration Load (0.4ms)[0m  [1m[34mSELECT "schema_migrations".* FROM "schema_migrations"[0m
  [1m[36mActiveRecord::SchemaMigration Load (0.3ms)[0m  [1m[34mSELECT "schema_migrations".* FROM "schema_migrations"[0m
Migrating to PartyGuests (20171126234252)
  [1m[35m (0.2ms)[0m  [1m[36mbegin transaction[0m
  [1m[35m (2.5ms)[0m  [1m[35mCREATE TABLE "guests" ("id" INTEGER PRIMARY KEY AUTOINCREMENT NOT NULL, "first_name" varchar, "last_name" varchar, "dietary_restrictions" text, "salary" integer, "number_of_kids" integer, "vulnerabilities" text, "illnesses" text, "medication" text, "voting_preferences" varchar)[0m
  [1m[35mSQL (0.7ms)[0m  [1m[32mINSERT INTO "schema_migrations" ("version") VALUES (?)[0m  [["version", "20171126234252"]]
  [1m[35m (104.5ms)[0m  [1m[36mcommit transaction[0m
  [1m[36mActiveRecord::InternalMetadata Load (0.5ms)[0m  [1m[34mSELECT  "ar_internal_metadata".* FROM "ar_internal_metadata" WHERE "ar_internal_metadata"."key" = ? LIMIT ?[0m  [["key", "environment"], ["LIMIT", 1]]
  [1m[35m (0.3ms)[0m  [1m[36mbegin transaction[0m
  [1m[35m (0.1ms)[0m  [1m[36mcommit transaction[0m
  [1m[36mActiveRecord::SchemaMigration Load (0.2ms)[0m  [1m[34mSELECT "schema_migrations".* FROM "schema_migrations"[0m
  [1m[36mActiveRecord::SchemaMigration Load (0.4ms)[0m  [1m[34mSELECT "schema_migrations".* FROM "schema_migrations"[0m
Migrating to Locations (20171127021028)
  [1m[36mActiveRecord::SchemaMigration Load (0.3ms)[0m  [1m[34mSELECT "schema_migrations".* FROM "schema_migrations"[0m
Migrating to Locations (20171127021028)
  [1m[35m (0.1ms)[0m  [1m[36mbegin transaction[0m
  [1m[35m (0.5ms)[0m  [1m[35mCREATE TABLE "guests" ("id" INTEGER PRIMARY KEY AUTOINCREMENT NOT NULL, "address" varchar, "city" varchar, "province" varchar, "number_of_employees" integer, "phone_number" varchar)[0m
  [1m[35m (0.1ms)[0m  [1m[31mrollback transaction[0m
  [1m[36mActiveRecord::SchemaMigration Load (0.3ms)[0m  [1m[34mSELECT "schema_migrations".* FROM "schema_migrations"[0m
Migrating to Locations (20171127021028)
  [1m[35m (0.3ms)[0m  [1m[36mbegin transaction[0m
  [1m[35m (6.0ms)[0m  [1m[35mCREATE TABLE "locations" ("id" INTEGER PRIMARY KEY AUTOINCREMENT NOT NULL, "address" varchar, "city" varchar, "province" varchar, "number_of_employees" integer, "phone_number" varchar)[0m
  [1m[35mSQL (0.5ms)[0m  [1m[32mINSERT INTO "schema_migrations" ("version") VALUES (?)[0m  [["version", "20171127021028"]]
  [1m[35m (98.7ms)[0m  [1m[36mcommit transaction[0m
  [1m[36mActiveRecord::InternalMetadata Load (0.6ms)[0m  [1m[34mSELECT  "ar_internal_metadata".* FROM "ar_internal_metadata" WHERE "ar_internal_metadata"."key" = ? LIMIT ?[0m  [["key", "environment"], ["LIMIT", 1]]
  [1m[35m (0.2ms)[0m  [1m[36mbegin transaction[0m
  [1m[35m (0.2ms)[0m  [1m[36mcommit transaction[0m
  [1m[36mActiveRecord::SchemaMigration Load (0.3ms)[0m  [1m[34mSELECT "schema_migrations".* FROM "schema_migrations"[0m
  [1m[36mActiveRecord::SchemaMigration Load (0.3ms)[0m  [1m[34mSELECT "schema_migrations".* FROM "schema_migrations"[0m
Migrating to ChangePartyGuestName (20171127021529)
  [1m[36mActiveRecord::SchemaMigration Load (0.4ms)[0m  [1m[34mSELECT "schema_migrations".* FROM "schema_migrations"[0m
Migrating to ChangePartyGuestName (20171127021529)
  [1m[35m (0.1ms)[0m  [1m[36mbegin transaction[0m
  [1m[35m (2.4ms)[0m  [1m[35mALTER TABLE "guests" RENAME TO "widgets"[0m
  [1m[35mSQL (0.5ms)[0m  [1m[32mINSERT INTO "schema_migrations" ("version") VALUES (?)[0m  [["version", "20171127021529"]]
  [1m[35m (176.1ms)[0m  [1m[36mcommit transaction[0m
  [1m[36mActiveRecord::InternalMetadata Load (0.5ms)[0m  [1m[34mSELECT  "ar_internal_metadata".* FROM "ar_internal_metadata" WHERE "ar_internal_metadata"."key" = ? LIMIT ?[0m  [["key", "environment"], ["LIMIT", 1]]
  [1m[35m (0.2ms)[0m  [1m[36mbegin transaction[0m
  [1m[35m (0.2ms)[0m  [1m[36mcommit transaction[0m
  [1m[36mActiveRecord::SchemaMigration Load (0.3ms)[0m  [1m[34mSELECT "schema_migrations".* FROM "schema_migrations"[0m
  [1m[36mActiveRecord::SchemaMigration Load (0.3ms)[0m  [1m[34mSELECT "schema_migrations".* FROM "schema_migrations"[0m
  [1m[36mActiveRecord::SchemaMigration Load (0.1ms)[0m  [1m[34mSELECT "schema_migrations".* FROM "schema_migrations"[0m
Migrating to ChangePartyGuestName (20171127021529)
  [1m[35m (0.1ms)[0m  [1m[36mbegin transaction[0m
  [1m[35m (2.4ms)[0m  [1m[35mALTER TABLE "widgets" RENAME TO "guests"[0m
  [1m[35mSQL (0.5ms)[0m  [1m[31mDELETE FROM "schema_migrations" WHERE "schema_migrations"."version" = ?[0m  [["version", "20171127021529"]]
  [1m[35m (121.7ms)[0m  [1m[36mcommit transaction[0m
  [1m[36mActiveRecord::SchemaMigration Load (0.3ms)[0m  [1m[34mSELECT "schema_migrations".* FROM "schema_migrations"[0m
  [1m[36mActiveRecord::SchemaMigration Load (0.3ms)[0m  [1m[34mSELECT "schema_migrations".* FROM "schema_migrations"[0m
Migrating to ChangePartyGuestName (20171127021529)
  [1m[35m (0.1ms)[0m  [1m[36mbegin transaction[0m
  [1m[35m (2.3ms)[0m  [1m[35mALTER TABLE "guests" RENAME TO "widgets"[0m
  [1m[35mSQL (0.7ms)[0m  [1m[32mINSERT INTO "schema_migrations" ("version") VALUES (?)[0m  [["version", "20171127021529"]]
  [1m[35m (100.9ms)[0m  [1m[36mcommit transaction[0m
  [1m[36mActiveRecord::InternalMetadata Load (0.5ms)[0m  [1m[34mSELECT  "ar_internal_metadata".* FROM "ar_internal_metadata" WHERE "ar_internal_metadata"."key" = ? LIMIT ?[0m  [["key", "environment"], ["LIMIT", 1]]
  [1m[35m (0.2ms)[0m  [1m[36mbegin transaction[0m
  [1m[35m (0.2ms)[0m  [1m[36mcommit transaction[0m
  [1m[36mActiveRecord::SchemaMigration Load (0.6ms)[0m  [1m[34mSELECT "schema_migrations".* FROM "schema_migrations"[0m
  [1m[36mActiveRecord::SchemaMigration Load (0.3ms)[0m  [1m[34mSELECT "schema_migrations".* FROM "schema_migrations"[0m
Migrating to ChangePartsQuantityMeasurement (20171127021948)
  [1m[35m (0.1ms)[0m  [1m[36mbegin transaction[0m
  [1m[35m (0.6ms)[0m  [1m[35mCREATE TEMPORARY TABLE "aparts" ("id" INTEGER PRIMARY KEY AUTOINCREMENT NOT NULL, "name" varchar, "manufacturer" varchar, "cost" decimal, "quantity" integer)[0m
  [1m[35m (0.2ms)[0m  [1m[32mINSERT INTO "aparts" ("id","name","manufacturer","cost","quantity")
                     SELECT "id","name","manufacturer","cost","quantity" FROM "parts"[0m
  [1m[35m (0.7ms)[0m  [1m[35mDROP TABLE "parts"[0m
  [1m[35m (0.6ms)[0m  [1m[35mCREATE TABLE "parts" ("id" INTEGER PRIMARY KEY AUTOINCREMENT NOT NULL, "name" varchar, "manufacturer" varchar, "cost" decimal, "quantity" decimal)[0m
  [1m[35m (0.4ms)[0m  [1m[32mINSERT INTO "parts" ("id","name","manufacturer","cost","quantity")
                     SELECT "id","name","manufacturer","cost","quantity" FROM "aparts"[0m
  [1m[35m (0.5ms)[0m  [1m[35mDROP TABLE "aparts"[0m
  [1m[35mSQL (0.4ms)[0m  [1m[32mINSERT INTO "schema_migrations" ("version") VALUES (?)[0m  [["version", "20171127021948"]]
  [1m[35m (91.0ms)[0m  [1m[36mcommit transaction[0m
  [1m[36mActiveRecord::InternalMetadata Load (0.5ms)[0m  [1m[34mSELECT  "ar_internal_metadata".* FROM "ar_internal_metadata" WHERE "ar_internal_metadata"."key" = ? LIMIT ?[0m  [["key", "environment"], ["LIMIT", 1]]
  [1m[35m (0.2ms)[0m  [1m[36mbegin transaction[0m
  [1m[35m (0.2ms)[0m  [1m[36mcommit transaction[0m
  [1m[36mActiveRecord::SchemaMigration Load (0.2ms)[0m  [1m[34mSELECT "schema_migrations".* FROM "schema_migrations"[0m
  [1m[36mActiveRecord::SchemaMigration Load (0.4ms)[0m  [1m[34mSELECT "schema_migrations".* FROM "schema_migrations"[0m
  [1m[36mActiveRecord::SchemaMigration Load (0.1ms)[0m  [1m[34mSELECT "schema_migrations".* FROM "schema_migrations"[0m
Migrating to ChangePartsQuantityMeasurement (20171127021948)
  [1m[35m (0.1ms)[0m  [1m[36mbegin transaction[0m
  [1m[35m (0.5ms)[0m  [1m[35mCREATE TEMPORARY TABLE "aparts" ("id" INTEGER PRIMARY KEY AUTOINCREMENT NOT NULL, "name" varchar, "manufacturer" varchar, "cost" decimal, "quantity" decimal)[0m
  [1m[35m (0.2ms)[0m  [1m[32mINSERT INTO "aparts" ("id","name","manufacturer","cost","quantity")
                     SELECT "id","name","manufacturer","cost","quantity" FROM "parts"[0m
  [1m[35m (0.6ms)[0m  [1m[35mDROP TABLE "parts"[0m
  [1m[35m (0.3ms)[0m  [1m[35mCREATE TABLE "parts" ("id" INTEGER PRIMARY KEY AUTOINCREMENT NOT NULL, "name" varchar, "manufacturer" varchar, "cost" decimal, "quantity" integer)[0m
  [1m[35m (1.8ms)[0m  [1m[32mINSERT INTO "parts" ("id","name","manufacturer","cost","quantity")
                     SELECT "id","name","manufacturer","cost","quantity" FROM "aparts"[0m
  [1m[35m (0.3ms)[0m  [1m[35mDROP TABLE "aparts"[0m
  [1m[35mSQL (0.7ms)[0m  [1m[31mDELETE FROM "schema_migrations" WHERE "schema_migrations"."version" = ?[0m  [["version", "20171127021948"]]
  [1m[35m (90.8ms)[0m  [1m[36mcommit transaction[0m
  [1m[36mActiveRecord::SchemaMigration Load (0.4ms)[0m  [1m[34mSELECT "schema_migrations".* FROM "schema_migrations"[0m
  [1m[36mActiveRecord::SchemaMigration Load (0.3ms)[0m  [1m[34mSELECT "schema_migrations".* FROM "schema_migrations"[0m
Migrating to ChangePartsQuantityMeasurement (20171127021948)
  [1m[35m (0.1ms)[0m  [1m[36mbegin transaction[0m
  [1m[35m (0.5ms)[0m  [1m[35mCREATE TEMPORARY TABLE "aparts" ("id" INTEGER PRIMARY KEY AUTOINCREMENT NOT NULL, "name" varchar, "manufacturer" varchar, "cost" decimal, "quantity" integer)[0m
  [1m[35m (0.2ms)[0m  [1m[32mINSERT INTO "aparts" ("id","name","manufacturer","cost","quantity")
                     SELECT "id","name","manufacturer","cost","quantity" FROM "parts"[0m
  [1m[35m (2.8ms)[0m  [1m[35mDROP TABLE "parts"[0m
  [1m[35m (0.4ms)[0m  [1m[35mCREATE TABLE "parts" ("id" INTEGER PRIMARY KEY AUTOINCREMENT NOT NULL, "name" varchar, "manufacturer" varchar, "cost" decimal, "quantity" decimal)[0m
  [1m[35m (0.5ms)[0m  [1m[32mINSERT INTO "parts" ("id","name","manufacturer","cost","quantity")
                     SELECT "id","name","manufacturer","cost","quantity" FROM "aparts"[0m
  [1m[35m (0.4ms)[0m  [1m[35mDROP TABLE "aparts"[0m
  [1m[35mSQL (0.5ms)[0m  [1m[32mINSERT INTO "schema_migrations" ("version") VALUES (?)[0m  [["version", "20171127021948"]]
  [1m[35m (111.3ms)[0m  [1m[36mcommit transaction[0m
  [1m[36mActiveRecord::InternalMetadata Load (0.7ms)[0m  [1m[34mSELECT  "ar_internal_metadata".* FROM "ar_internal_metadata" WHERE "ar_internal_metadata"."key" = ? LIMIT ?[0m  [["key", "environment"], ["LIMIT", 1]]
  [1m[35m (0.2ms)[0m  [1m[36mbegin transaction[0m
  [1m[35m (0.2ms)[0m  [1m[36mcommit transaction[0m
  [1m[36mActiveRecord::SchemaMigration Load (0.2ms)[0m  [1m[34mSELECT "schema_migrations".* FROM "schema_migrations"[0m
  [1m[36mActiveRecord::SchemaMigration Load (0.3ms)[0m  [1m[34mSELECT "schema_migrations".* FROM "schema_migrations"[0m
  [1m[36mActiveRecord::InternalMetadata Load (0.3ms)[0m  [1m[34mSELECT  "ar_internal_metadata".* FROM "ar_internal_metadata" WHERE "ar_internal_metadata"."key" = ? LIMIT ?[0m  [["key", "environment"], ["LIMIT", 1]]
  [1m[35m (0.1ms)[0m  [1m[36mbegin transaction[0m
  [1m[35m (0.1ms)[0m  [1m[36mcommit transaction[0m
  [1m[36mActiveRecord::SchemaMigration Load (0.1ms)[0m  [1m[34mSELECT "schema_migrations".* FROM "schema_migrations"[0m
  [1m[36mActiveRecord::SchemaMigration Load (0.3ms)[0m  [1m[34mSELECT "schema_migrations".* FROM "schema_migrations"[0m
  [1m[36mActiveRecord::InternalMetadata Load (0.3ms)[0m  [1m[34mSELECT  "ar_internal_metadata".* FROM "ar_internal_metadata" WHERE "ar_internal_metadata"."key" = ? LIMIT ?[0m  [["key", "environment"], ["LIMIT", 1]]
  [1m[35m (0.1ms)[0m  [1m[36mbegin transaction[0m
  [1m[35m (0.1ms)[0m  [1m[36mcommit transaction[0m
  [1m[36mActiveRecord::SchemaMigration Load (0.2ms)[0m  [1m[34mSELECT "schema_migrations".* FROM "schema_migrations"[0m
  [1m[36mActiveRecord::SchemaMigration Load (0.3ms)[0m  [1m[34mSELECT "schema_migrations".* FROM "schema_migrations"[0m
Migrating to AlterLocationsTable (20171127022508)
  [1m[35m (0.1ms)[0m  [1m[36mbegin transaction[0m
  [1m[35m (0.5ms)[0m  [1m[35mCREATE TEMPORARY TABLE "alocations" ("id" INTEGER PRIMARY KEY AUTOINCREMENT NOT NULL, "address" varchar, "city" varchar, "province" varchar, "number_of_employees" integer, "phone_number" varchar)[0m
  [1m[35m (0.2ms)[0m  [1m[32mINSERT INTO "alocations" ("id","address","city","province","number_of_employees","phone_number")
                     SELECT "id","address","city","province","number_of_employees","phone_number" FROM "locations"[0m
  [1m[35m (0.5ms)[0m  [1m[35mDROP TABLE "locations"[0m
  [1m[35m (0.4ms)[0m  [1m[35mCREATE TABLE "locations" ("id" INTEGER PRIMARY KEY AUTOINCREMENT NOT NULL, "city" varchar, "province" varchar, "number_of_employees" integer, "phone_number" varchar)[0m
  [1m[35m (0.3ms)[0m  [1m[32mINSERT INTO "locations" ("id","city","province","number_of_employees","phone_number")
                     SELECT "id","city","province","number_of_employees","phone_number" FROM "alocations"[0m
  [1m[35m (0.3ms)[0m  [1m[35mDROP TABLE "alocations"[0m
  [1m[35m (0.4ms)[0m  [1m[35mCREATE TEMPORARY TABLE "alocations" ("id" INTEGER PRIMARY KEY AUTOINCREMENT NOT NULL, "city" varchar, "province" varchar, "number_of_employees" integer, "phone_number" varchar)[0m
  [1m[35m (0.2ms)[0m  [1m[32mINSERT INTO "alocations" ("id","city","province","number_of_employees","phone_number")
                     SELECT "id","city","province","number_of_employees","phone_number" FROM "locations"[0m
  [1m[35m (0.4ms)[0m  [1m[35mDROP TABLE "locations"[0m
  [1m[35m (0.3ms)[0m  [1m[35mCREATE TABLE "locations" ("id" INTEGER PRIMARY KEY AUTOINCREMENT NOT NULL, "province" varchar, "number_of_employees" integer, "phone_number" varchar)[0m
  [1m[35m (0.2ms)[0m  [1m[32mINSERT INTO "locations" ("id","province","number_of_employees","phone_number")
                     SELECT "id","province","number_of_employees","phone_number" FROM "alocations"[0m
  [1m[35m (0.3ms)[0m  [1m[35mDROP TABLE "alocations"[0m
  [1m[35m (0.4ms)[0m  [1m[35mCREATE TEMPORARY TABLE "alocations" ("id" INTEGER PRIMARY KEY AUTOINCREMENT NOT NULL, "province" varchar, "number_of_employees" integer, "phone_number" varchar)[0m
  [1m[35m (0.5ms)[0m  [1m[32mINSERT INTO "alocations" ("id","province","number_of_employees","phone_number")
                     SELECT "id","province","number_of_employees","phone_number" FROM "locations"[0m
  [1m[35m (0.6ms)[0m  [1m[35mDROP TABLE "locations"[0m
  [1m[35m (0.4ms)[0m  [1m[35mCREATE TABLE "locations" ("id" INTEGER PRIMARY KEY AUTOINCREMENT NOT NULL, "number_of_employees" integer, "phone_number" varchar)[0m
  [1m[35m (0.4ms)[0m  [1m[32mINSERT INTO "locations" ("id","number_of_employees","phone_number")
                     SELECT "id","number_of_employees","phone_number" FROM "alocations"[0m
  [1m[35m (0.3ms)[0m  [1m[35mDROP TABLE "alocations"[0m
  [1m[35m (0.3ms)[0m  [1m[35mCREATE TEMPORARY TABLE "alocations" ("id" INTEGER PRIMARY KEY AUTOINCREMENT NOT NULL, "number_of_employees" integer, "phone_number" varchar)[0m
  [1m[35m (0.2ms)[0m  [1m[32mINSERT INTO "alocations" ("id","number_of_employees","phone_number")
                     SELECT "id","number_of_employees","phone_number" FROM "locations"[0m
  [1m[35m (0.2ms)[0m  [1m[35mDROP TABLE "locations"[0m
  [1m[35m (0.2ms)[0m  [1m[35mCREATE TABLE "locations" ("id" INTEGER PRIMARY KEY AUTOINCREMENT NOT NULL, "phone_number" varchar)[0m
  [1m[35m (0.2ms)[0m  [1m[32mINSERT INTO "locations" ("id","phone_number")
                     SELECT "id","phone_number" FROM "alocations"[0m
  [1m[35m (0.2ms)[0m  [1m[35mDROP TABLE "alocations"[0m
  [1m[35m (0.2ms)[0m  [1m[35mCREATE TEMPORARY TABLE "alocations" ("id" INTEGER PRIMARY KEY AUTOINCREMENT NOT NULL, "phone_number" varchar)[0m
  [1m[35m (0.1ms)[0m  [1m[32mINSERT INTO "alocations" ("id","phone_number")
                     SELECT "id","phone_number" FROM "locations"[0m
  [1m[35m (0.2ms)[0m  [1m[35mDROP TABLE "locations"[0m
  [1m[35m (0.3ms)[0m  [1m[35mCREATE TABLE "locations" ("id" INTEGER PRIMARY KEY AUTOINCREMENT NOT NULL)[0m
  [1m[35m (0.2ms)[0m  [1m[32mINSERT INTO "locations" ("id")
                     SELECT "id" FROM "alocations"[0m
  [1m[35m (0.4ms)[0m  [1m[35mDROP TABLE "alocations"[0m
  [1m[35m (0.4ms)[0m  [1m[35mALTER TABLE "locations" ADD "city" varchar[0m
  [1m[35m (0.3ms)[0m  [1m[35mALTER TABLE "locations" ADD "weather" varchar[0m
  [1m[35mSQL (0.4ms)[0m  [1m[32mINSERT INTO "schema_migrations" ("version") VALUES (?)[0m  [["version", "20171127022508"]]
  [1m[35m (87.4ms)[0m  [1m[36mcommit transaction[0m
  [1m[36mActiveRecord::InternalMetadata Load (0.5ms)[0m  [1m[34mSELECT  "ar_internal_metadata".* FROM "ar_internal_metadata" WHERE "ar_internal_metadata"."key" = ? LIMIT ?[0m  [["key", "environment"], ["LIMIT", 1]]
  [1m[35m (0.2ms)[0m  [1m[36mbegin transaction[0m
  [1m[35m (0.2ms)[0m  [1m[36mcommit transaction[0m
  [1m[36mActiveRecord::SchemaMigration Load (0.2ms)[0m  [1m[34mSELECT "schema_migrations".* FROM "schema_migrations"[0m
  [1m[36mActiveRecord::SchemaMigration Load (0.3ms)[0m  [1m[34mSELECT "schema_migrations".* FROM "schema_migrations"[0m
  [1m[36mActiveRecord::SchemaMigration Load (0.1ms)[0m  [1m[34mSELECT "schema_migrations".* FROM "schema_migrations"[0m
Migrating to AlterLocationsTable (20171127022508)
  [1m[35m (0.1ms)[0m  [1m[36mbegin transaction[0m
  [1m[35m (0.1ms)[0m  [1m[31mrollback transaction[0m
  [1m[36mActiveRecord::SchemaMigration Load (0.4ms)[0m  [1m[34mSELECT "schema_migrations".* FROM "schema_migrations"[0m
  [1m[36mActiveRecord::SchemaMigration Load (0.1ms)[0m  [1m[34mSELECT "schema_migrations".* FROM "schema_migrations"[0m
Migrating to AlterLocationsTable (20171127022508)
  [1m[35m (0.1ms)[0m  [1m[36mbegin transaction[0m
  [1m[35m (0.1ms)[0m  [1m[31mrollback transaction[0m
  [1m[36mActiveRecord::SchemaMigration Load (0.6ms)[0m  [1m[34mSELECT "schema_migrations".* FROM "schema_migrations"[0m
  [1m[36mActiveRecord::InternalMetadata Load (0.4ms)[0m  [1m[34mSELECT  "ar_internal_metadata".* FROM "ar_internal_metadata" WHERE "ar_internal_metadata"."key" = ? LIMIT ?[0m  [["key", "environment"], ["LIMIT", 1]]
  [1m[35m (0.1ms)[0m  [1m[36mbegin transaction[0m
  [1m[35m (0.1ms)[0m  [1m[36mcommit transaction[0m
  [1m[36mActiveRecord::SchemaMigration Load (0.2ms)[0m  [1m[34mSELECT "schema_migrations".* FROM "schema_migrations"[0m
  [1m[36mActiveRecord::SchemaMigration Load (0.3ms)[0m  [1m[34mSELECT "schema_migrations".* FROM "schema_migrations"[0m
  [1m[36mActiveRecord::SchemaMigration Load (0.1ms)[0m  [1m[34mSELECT "schema_migrations".* FROM "schema_migrations"[0m
Migrating to AlterLocationsTable (20171127022508)
  [1m[35m (0.1ms)[0m  [1m[36mbegin transaction[0m
  [1m[35m (0.1ms)[0m  [1m[31mrollback transaction[0m
  [1m[36mActiveRecord::SchemaMigration Load (0.3ms)[0m  [1m[34mSELECT "schema_migrations".* FROM "schema_migrations"[0m
Migrating to RestoreLocations (20171127023252)
  [1m[35m (0.1ms)[0m  [1m[36mbegin transaction[0m
  [1m[35m (0.1ms)[0m  [1m[31mrollback transaction[0m
  [1m[36mActiveRecord::SchemaMigration Load (0.3ms)[0m  [1m[34mSELECT "schema_migrations".* FROM "schema_migrations"[0m
Migrating to RestoreLocations (20171127023252)
  [1m[35m (0.1ms)[0m  [1m[36mbegin transaction[0m
  [1m[35m (3.2ms)[0m  [1m[35mALTER TABLE "locations" ADD "address" varchar[0m
  [1m[35m (0.6ms)[0m  [1m[35mALTER TABLE "locations" ADD "city" varchar[0m
  [1m[35m (1.1ms)[0m  [1m[31mrollback transaction[0m
  [1m[36mActiveRecord::SchemaMigration Load (0.4ms)[0m  [1m[34mSELECT "schema_migrations".* FROM "schema_migrations"[0m
Migrating to RestoreLocations (20171127023252)
  [1m[35m (0.1ms)[0m  [1m[36mbegin transaction[0m
  [1m[35m (0.9ms)[0m  [1m[35mALTER TABLE "locations" ADD "address" varchar[0m
  [1m[35m (0.6ms)[0m  [1m[35mALTER TABLE "locations" ADD "city" varchar[0m
  [1m[35m (0.5ms)[0m  [1m[31mrollback transaction[0m
  [1m[36mActiveRecord::SchemaMigration Load (0.4ms)[0m  [1m[34mSELECT "schema_migrations".* FROM "schema_migrations"[0m
Migrating to RestoreLocations (20171127023252)
  [1m[35m (0.1ms)[0m  [1m[36mbegin transaction[0m
  [1m[35m (5.0ms)[0m  [1m[35mALTER TABLE "locations" ADD "address" varchar[0m
  [1m[35m (0.6ms)[0m  [1m[35mALTER TABLE "locations" ADD "city" varchar[0m
  [1m[35m (0.6ms)[0m  [1m[31mrollback transaction[0m
  [1m[36mActiveRecord::SchemaMigration Load (0.4ms)[0m  [1m[34mSELECT "schema_migrations".* FROM "schema_migrations"[0m
Migrating to RestoreLocations (20171127023252)
  [1m[35m (0.1ms)[0m  [1m[36mbegin transaction[0m
  [1m[35m (3.0ms)[0m  [1m[35mALTER TABLE "locations" ADD "address" varchar[0m
  [1m[35m (0.7ms)[0m  [1m[35mALTER TABLE "locations" ADD "province" varchar[0m
  [1m[35m (0.6ms)[0m  [1m[35mALTER TABLE "locations" ADD "number_of_employees" integer[0m
  [1m[35m (0.5ms)[0m  [1m[35mALTER TABLE "locations" ADD "phone_number" varchar[0m
  [1m[35m (1.0ms)[0m  [1m[35mCREATE TEMPORARY TABLE "alocations" ("id" INTEGER PRIMARY KEY AUTOINCREMENT NOT NULL, "city" varchar, "weather" varchar, "address" varchar, "province" varchar, "number_of_employees" integer, "phone_number" varchar)[0m
  [1m[35m (0.4ms)[0m  [1m[32mINSERT INTO "alocations" ("id","city","weather","address","province","number_of_employees","phone_number")
                     SELECT "id","city","weather","address","province","number_of_employees","phone_number" FROM "locations"[0m
  [1m[35m (0.6ms)[0m  [1m[35mDROP TABLE "locations"[0m
  [1m[35m (0.4ms)[0m  [1m[35mCREATE TABLE "locations" ("id" INTEGER PRIMARY KEY AUTOINCREMENT NOT NULL, "city" varchar, "address" varchar, "province" varchar, "number_of_employees" integer, "phone_number" varchar)[0m
  [1m[35m (0.2ms)[0m  [1m[32mINSERT INTO "locations" ("id","city","address","province","number_of_employees","phone_number")
                     SELECT "id","city","address","province","number_of_employees","phone_number" FROM "alocations"[0m
  [1m[35m (0.5ms)[0m  [1m[35mDROP TABLE "alocations"[0m
  [1m[35mSQL (0.6ms)[0m  [1m[32mINSERT INTO "schema_migrations" ("version") VALUES (?)[0m  [["version", "20171127023252"]]
  [1m[35m (94.4ms)[0m  [1m[36mcommit transaction[0m
Migrating to DeleteWidgets (20171127023301)
  [1m[35m (0.2ms)[0m  [1m[36mbegin transaction[0m
  [1m[35m (1.3ms)[0m  [1m[35mDROP TABLE "widgets"[0m
  [1m[35mSQL (0.7ms)[0m  [1m[32mINSERT INTO "schema_migrations" ("version") VALUES (?)[0m  [["version", "20171127023301"]]
  [1m[35m (112.5ms)[0m  [1m[36mcommit transaction[0m
  [1m[36mActiveRecord::InternalMetadata Load (0.6ms)[0m  [1m[34mSELECT  "ar_internal_metadata".* FROM "ar_internal_metadata" WHERE "ar_internal_metadata"."key" = ? LIMIT ?[0m  [["key", "environment"], ["LIMIT", 1]]
  [1m[35m (0.2ms)[0m  [1m[36mbegin transaction[0m
  [1m[35m (0.1ms)[0m  [1m[36mcommit transaction[0m
  [1m[36mActiveRecord::SchemaMigration Load (0.2ms)[0m  [1m[34mSELECT "schema_migrations".* FROM "schema_migrations"[0m
  [1m[36mActiveRecord::SchemaMigration Load (0.3ms)[0m  [1m[34mSELECT "schema_migrations".* FROM "schema_migrations"[0m
  [1m[36mActiveRecord::SchemaMigration Load (0.1ms)[0m  [1m[34mSELECT "schema_migrations".* FROM "schema_migrations"[0m
Migrating to DeleteWidgets (20171127023301)
  [1m[35m (0.1ms)[0m  [1m[36mbegin transaction[0m
  [1m[35m (0.1ms)[0m  [1m[31mrollback transaction[0m
