Started GET "/" for 127.0.0.1 at 2017-11-21 13:45:16 -0500
Processing by Rails::WelcomeController#index as HTML
  Parameters: {"internal"=>true}
  Rendering /home/james/.rbenv/versions/2.4.2/lib/ruby/gems/2.4.0/gems/railties-5.0.4/lib/rails/templates/rails/welcome/index.html.erb
  Rendered /home/james/.rbenv/versions/2.4.2/lib/ruby/gems/2.4.0/gems/railties-5.0.4/lib/rails/templates/rails/welcome/index.html.erb (5.6ms)
Completed 200 OK in 19ms (Views: 15.3ms | ActiveRecord: 0.0ms)


Started GET "/welcome" for 127.0.0.1 at 2017-11-21 13:48:22 -0500
Processing by PagesController#welcome as HTML
  Rendering pages/welcome.html.erb within layouts/application
  Rendered pages/welcome.html.erb within layouts/application (0.7ms)
Completed 200 OK in 633ms (Views: 630.9ms | ActiveRecord: 0.0ms)


Started GET "/welcome" for 127.0.0.1 at 2017-11-21 13:49:21 -0500
Processing by PagesController#welcome as HTML
  Rendering pages/about.html.erb within layouts/application
  Rendered pages/about.html.erb within layouts/application (0.6ms)
Completed 200 OK in 34ms (Views: 33.9ms | ActiveRecord: 0.0ms)


Started GET "/welcome" for 127.0.0.1 at 2017-11-21 13:49:27 -0500
Processing by PagesController#welcome as HTML
  Rendering pages/welcome.html.erb within layouts/application
  Rendered pages/welcome.html.erb within layouts/application (0.7ms)
Completed 200 OK in 28ms (Views: 26.0ms | ActiveRecord: 0.0ms)


Started GET "/welcome" for 127.0.0.1 at 2017-11-21 13:49:48 -0500
Processing by PagesController#welcome as HTML
  Rendering pages/kitten.html.erb within layouts/application
  Rendered pages/kitten.html.erb within layouts/application (6.3ms)
Completed 500 Internal Server Error in 12ms (ActiveRecord: 0.0ms)


  
ActionView::Template::Error (nil is not a valid asset source):
    1: <h2>This is the kitten page</h2>
    2: <%= image_tag @kitten_url %>
  
app/views/pages/kitten.html.erb:2:in `_app_views_pages_kitten_html_erb___192014749337022677_69985084754180'
app/controllers/pages_controller.rb:4:in `welcome'
  Rendering /home/james/.rbenv/versions/2.4.2/lib/ruby/gems/2.4.0/gems/actionpack-5.0.4/lib/action_dispatch/middleware/templates/rescues/template_error.html.erb within rescues/layout
  Rendering /home/james/.rbenv/versions/2.4.2/lib/ruby/gems/2.4.0/gems/actionpack-5.0.4/lib/action_dispatch/middleware/templates/rescues/_source.html.erb
  Rendered /home/james/.rbenv/versions/2.4.2/lib/ruby/gems/2.4.0/gems/actionpack-5.0.4/lib/action_dispatch/middleware/templates/rescues/_source.html.erb (11.4ms)
  Rendering /home/james/.rbenv/versions/2.4.2/lib/ruby/gems/2.4.0/gems/actionpack-5.0.4/lib/action_dispatch/middleware/templates/rescues/_trace.html.erb
  Rendered /home/james/.rbenv/versions/2.4.2/lib/ruby/gems/2.4.0/gems/actionpack-5.0.4/lib/action_dispatch/middleware/templates/rescues/_trace.html.erb (4.1ms)
  Rendering /home/james/.rbenv/versions/2.4.2/lib/ruby/gems/2.4.0/gems/actionpack-5.0.4/lib/action_dispatch/middleware/templates/rescues/_request_and_response.html.erb
  Rendered /home/james/.rbenv/versions/2.4.2/lib/ruby/gems/2.4.0/gems/actionpack-5.0.4/lib/action_dispatch/middleware/templates/rescues/_request_and_response.html.erb (2.3ms)
  Rendered /home/james/.rbenv/versions/2.4.2/lib/ruby/gems/2.4.0/gems/actionpack-5.0.4/lib/action_dispatch/middleware/templates/rescues/template_error.html.erb within rescues/layout (65.7ms)
DEPRECATION WARNING: #original_exception is deprecated. Use #cause instead. (called from block in render_exception_with_web_console at /home/james/.rbenv/versions/2.4.2/lib/ruby/gems/2.4.0/gems/web-console-2.3.0/lib/web_console/extensions.rb:16)
DEPRECATION WARNING: Accessing mime types via constants is deprecated. Please change `Mime::HTML` to `Mime[:html]`. (called from acceptable_content_type? at /home/james/.rbenv/versions/2.4.2/lib/ruby/gems/2.4.0/gems/web-console-2.3.0/lib/web_console/middleware.rb:58)
  Rendering /home/james/.rbenv/versions/2.4.2/lib/ruby/gems/2.4.0/gems/web-console-2.3.0/lib/web_console/templates/index.html.erb
  Rendered /home/james/.rbenv/versions/2.4.2/lib/ruby/gems/2.4.0/gems/web-console-2.3.0/lib/web_console/templates/_markup.html.erb (1.0ms)
  Rendering /home/james/.rbenv/versions/2.4.2/lib/ruby/gems/2.4.0/gems/web-console-2.3.0/lib/web_console/templates/console.js.erb within layouts/javascript
  Rendering /home/james/.rbenv/versions/2.4.2/lib/ruby/gems/2.4.0/gems/web-console-2.3.0/lib/web_console/templates/_inner_console_markup.html.erb within layouts/inlined_string
  Rendered /home/james/.rbenv/versions/2.4.2/lib/ruby/gems/2.4.0/gems/web-console-2.3.0/lib/web_console/templates/_inner_console_markup.html.erb within layouts/inlined_string (0.8ms)
  Rendering /home/james/.rbenv/versions/2.4.2/lib/ruby/gems/2.4.0/gems/web-console-2.3.0/lib/web_console/templates/_prompt_box_markup.html.erb within layouts/inlined_string
  Rendered /home/james/.rbenv/versions/2.4.2/lib/ruby/gems/2.4.0/gems/web-console-2.3.0/lib/web_console/templates/_prompt_box_markup.html.erb within layouts/inlined_string (0.7ms)
  Rendering /home/james/.rbenv/versions/2.4.2/lib/ruby/gems/2.4.0/gems/web-console-2.3.0/lib/web_console/templates/style.css.erb within layouts/inlined_string
  Rendered /home/james/.rbenv/versions/2.4.2/lib/ruby/gems/2.4.0/gems/web-console-2.3.0/lib/web_console/templates/style.css.erb within layouts/inlined_string (0.6ms)
DEPRECATION WARNING: Accessing mime types via constants is deprecated. Please change `Mime::WEB_CONSOLE_V2` to `Mime[:web_console_v2]`. (called from __home_james__rbenv_versions_______lib_ruby_gems_______gems_web_console_______lib_web_console_templates_console_js_erb___424294526136687468_69985085118280 at /home/james/.rbenv/versions/2.4.2/lib/ruby/gems/2.4.0/gems/web-console-2.3.0/lib/web_console/templates/console.js.erb:491)
  Rendered /home/james/.rbenv/versions/2.4.2/lib/ruby/gems/2.4.0/gems/web-console-2.3.0/lib/web_console/templates/console.js.erb within layouts/javascript (63.6ms)
  Rendering /home/james/.rbenv/versions/2.4.2/lib/ruby/gems/2.4.0/gems/web-console-2.3.0/lib/web_console/templates/main.js.erb within layouts/javascript
  Rendered /home/james/.rbenv/versions/2.4.2/lib/ruby/gems/2.4.0/gems/web-console-2.3.0/lib/web_console/templates/main.js.erb within layouts/javascript (0.6ms)
  Rendering /home/james/.rbenv/versions/2.4.2/lib/ruby/gems/2.4.0/gems/web-console-2.3.0/lib/web_console/templates/error_page.js.erb within layouts/javascript
  Rendered /home/james/.rbenv/versions/2.4.2/lib/ruby/gems/2.4.0/gems/web-console-2.3.0/lib/web_console/templates/error_page.js.erb within layouts/javascript (0.7ms)
  Rendered /home/james/.rbenv/versions/2.4.2/lib/ruby/gems/2.4.0/gems/web-console-2.3.0/lib/web_console/templates/index.html.erb (146.8ms)
Started GET "/welcome" for 127.0.0.1 at 2017-11-21 13:50:00 -0500
Processing by PagesController#welcome as HTML
  Rendering pages/welcome.html.erb within layouts/application
  Rendered pages/welcome.html.erb within layouts/application (0.7ms)
Completed 200 OK in 25ms (Views: 23.1ms | ActiveRecord: 0.0ms)


Started GET "/" for 127.0.0.1 at 2017-11-21 13:51:42 -0500
Processing by PagesController#welcome as HTML
  Rendering pages/welcome.html.erb within layouts/application
  Rendered pages/welcome.html.erb within layouts/application (0.6ms)
Completed 200 OK in 24ms (Views: 21.9ms | ActiveRecord: 0.0ms)


Started GET "/about" for 127.0.0.1 at 2017-11-21 14:06:52 -0500
Processing by PagesController#about as HTML
  Rendering pages/about.html.erb within layouts/application
  Rendered pages/about.html.erb within layouts/application (0.7ms)
Completed 200 OK in 183ms (Views: 181.4ms | ActiveRecord: 0.0ms)


Started GET "/contest" for 127.0.0.1 at 2017-11-21 14:12:24 -0500
Processing by PagesController#contest as HTML
  Rendering pages/contest.html.erb within layouts/application
  Rendered pages/contest.html.erb within layouts/application (0.7ms)
Completed 200 OK in 29ms (Views: 27.3ms | ActiveRecord: 0.0ms)


Started GET "/contest" for 127.0.0.1 at 2017-11-21 14:12:34 -0500
Processing by PagesController#contest as HTML
  Rendering pages/contest.html.erb within layouts/application
  Rendered pages/contest.html.erb within layouts/application (0.6ms)
Completed 200 OK in 27ms (Views: 25.5ms | ActiveRecord: 0.0ms)


Started GET "/contest" for 127.0.0.1 at 2017-11-21 14:12:53 -0500
Processing by PagesController#contest as HTML
  Rendering pages/contest.html.erb within layouts/application
  Rendered pages/contest.html.erb within layouts/application (0.7ms)
Completed 200 OK in 28ms (Views: 26.9ms | ActiveRecord: 0.0ms)


Started GET "/contest" for 127.0.0.1 at 2017-11-21 14:18:06 -0500
Processing by PagesController#contest as HTML
  Rendering pages/contest.html.erb within layouts/application
  Rendered pages/contest.html.erb within layouts/application (1.0ms)
Completed 200 OK in 30ms (Views: 27.4ms | ActiveRecord: 0.0ms)


Started GET "/contest" for 127.0.0.1 at 2017-11-21 14:39:29 -0500
Processing by PagesController#contest as HTML
  Rendering pages/contest.html.erb within layouts/application
  Rendered pages/contest.html.erb within layouts/application (2.5ms)
Completed 200 OK in 588ms (Views: 586.3ms | ActiveRecord: 0.0ms)


Started GET "/contest" for 127.0.0.1 at 2017-11-21 14:40:04 -0500
Processing by PagesController#contest as HTML
  Rendering pages/contest.html.erb within layouts/application
  Rendered pages/contest.html.erb within layouts/application (0.7ms)
Completed 200 OK in 33ms (Views: 31.3ms | ActiveRecord: 0.0ms)


Started GET "/welcome" for 127.0.0.1 at 2017-11-21 14:40:30 -0500
Processing by PagesController#welcome as HTML
  Rendering pages/welcome.html.erb within layouts/application
  Rendered pages/welcome.html.erb within layouts/application (0.7ms)
Completed 200 OK in 40ms (Views: 38.5ms | ActiveRecord: 0.0ms)


Started GET "/contest" for 127.0.0.1 at 2017-11-21 14:40:41 -0500
Processing by PagesController#contest as HTML
  Rendering pages/contest.html.erb within layouts/application
  Rendered pages/contest.html.erb within layouts/application (1.6ms)
Completed 200 OK in 50ms (Views: 47.5ms | ActiveRecord: 0.0ms)


Started GET "/contest" for 127.0.0.1 at 2017-11-21 14:40:55 -0500
Processing by PagesController#contest as HTML
  Rendering pages/contest.html.erb within layouts/application
  Rendered pages/contest.html.erb within layouts/application (0.6ms)
Completed 200 OK in 59ms (Views: 57.9ms | ActiveRecord: 0.0ms)


Started GET "/welcome" for 127.0.0.1 at 2017-11-21 14:41:42 -0500
Processing by PagesController#welcome as HTML
  Rendering pages/welcome.html.erb within layouts/application
  Rendered pages/welcome.html.erb within layouts/application (0.8ms)
Completed 200 OK in 52ms (Views: 48.7ms | ActiveRecord: 0.0ms)


Started GET "/contest" for 127.0.0.1 at 2017-11-21 14:41:47 -0500
Processing by PagesController#contest as HTML
  Rendering pages/contest.html.erb within layouts/application
  Rendered pages/contest.html.erb within layouts/application (0.8ms)
Completed 200 OK in 34ms (Views: 31.9ms | ActiveRecord: 0.0ms)


Started GET "/about" for 127.0.0.1 at 2017-11-21 14:41:54 -0500
Processing by PagesController#about as HTML
  Rendering pages/about.html.erb within layouts/application
  Rendered pages/about.html.erb within layouts/application (0.6ms)
Completed 200 OK in 23ms (Views: 21.4ms | ActiveRecord: 0.0ms)


Started GET "/about" for 127.0.0.1 at 2017-11-21 14:42:14 -0500
Processing by PagesController#about as HTML
  Rendering pages/about.html.erb within layouts/application
  Rendered pages/about.html.erb within layouts/application (0.6ms)
Completed 200 OK in 23ms (Views: 21.9ms | ActiveRecord: 0.0ms)


Started GET "/contest" for 127.0.0.1 at 2017-11-21 14:46:42 -0500
Processing by PagesController#contest as HTML
  Rendering pages/contest.html.erb within layouts/application
  Rendered pages/contest.html.erb within layouts/application (0.6ms)
Completed 200 OK in 26ms (Views: 24.8ms | ActiveRecord: 0.0ms)


Started GET "/contest" for 127.0.0.1 at 2017-11-21 14:46:48 -0500
Processing by PagesController#contest as HTML
  Rendering pages/contest.html.erb within layouts/application
  Rendered pages/contest.html.erb within layouts/application (0.7ms)
Completed 200 OK in 28ms (Views: 26.6ms | ActiveRecord: 0.0ms)


Started GET "/kitten" for 127.0.0.1 at 2017-11-21 14:48:56 -0500
  
ActionController::RoutingError (No route matches [GET] "/kitten"):
  
actionpack (5.0.4) lib/action_dispatch/middleware/debug_exceptions.rb:53:in `call'
web-console (2.3.0) lib/web_console/middleware.rb:28:in `block in call'
web-console (2.3.0) lib/web_console/middleware.rb:18:in `catch'
web-console (2.3.0) lib/web_console/middleware.rb:18:in `call'
actionpack (5.0.4) lib/action_dispatch/middleware/show_exceptions.rb:31:in `call'
railties (5.0.4) lib/rails/rack/logger.rb:36:in `call_app'
railties (5.0.4) lib/rails/rack/logger.rb:24:in `block in call'
activesupport (5.0.4) lib/active_support/tagged_logging.rb:69:in `block in tagged'
activesupport (5.0.4) lib/active_support/tagged_logging.rb:26:in `tagged'
activesupport (5.0.4) lib/active_support/tagged_logging.rb:69:in `tagged'
railties (5.0.4) lib/rails/rack/logger.rb:24:in `call'
sprockets-rails (3.2.0) lib/sprockets/rails/quiet_assets.rb:13:in `call'
actionpack (5.0.4) lib/action_dispatch/middleware/request_id.rb:24:in `call'
rack (2.0.3) lib/rack/method_override.rb:22:in `call'
rack (2.0.3) lib/rack/runtime.rb:22:in `call'
activesupport (5.0.4) lib/active_support/cache/strategy/local_cache_middleware.rb:28:in `call'
actionpack (5.0.4) lib/action_dispatch/middleware/executor.rb:12:in `call'
actionpack (5.0.4) lib/action_dispatch/middleware/static.rb:136:in `call'
rack (2.0.3) lib/rack/sendfile.rb:111:in `call'
railties (5.0.4) lib/rails/engine.rb:522:in `call'
rack (2.0.3) lib/rack/handler/webrick.rb:86:in `service'
/home/james/.rbenv/versions/2.4.2/lib/ruby/2.4.0/webrick/httpserver.rb:140:in `service'
/home/james/.rbenv/versions/2.4.2/lib/ruby/2.4.0/webrick/httpserver.rb:96:in `run'
/home/james/.rbenv/versions/2.4.2/lib/ruby/2.4.0/webrick/server.rb:290:in `block in start_thread'
  Rendering /home/james/.rbenv/versions/2.4.2/lib/ruby/gems/2.4.0/gems/actionpack-5.0.4/lib/action_dispatch/middleware/templates/rescues/routing_error.html.erb within rescues/layout
  Rendering /home/james/.rbenv/versions/2.4.2/lib/ruby/gems/2.4.0/gems/actionpack-5.0.4/lib/action_dispatch/middleware/templates/rescues/_trace.html.erb
  Rendered /home/james/.rbenv/versions/2.4.2/lib/ruby/gems/2.4.0/gems/actionpack-5.0.4/lib/action_dispatch/middleware/templates/rescues/_trace.html.erb (2.3ms)
  Rendered collection of /home/james/.rbenv/versions/2.4.2/lib/ruby/gems/2.4.0/gems/actionpack-5.0.4/lib/action_dispatch/middleware/templates/routes/_route.html.erb [5 times] (74.8ms)
  Rendered /home/james/.rbenv/versions/2.4.2/lib/ruby/gems/2.4.0/gems/actionpack-5.0.4/lib/action_dispatch/middleware/templates/routes/_table.html.erb (32.3ms)
  Rendering /home/james/.rbenv/versions/2.4.2/lib/ruby/gems/2.4.0/gems/actionpack-5.0.4/lib/action_dispatch/middleware/templates/rescues/_request_and_response.html.erb
  Rendered /home/james/.rbenv/versions/2.4.2/lib/ruby/gems/2.4.0/gems/actionpack-5.0.4/lib/action_dispatch/middleware/templates/rescues/_request_and_response.html.erb (2.0ms)
  Rendered /home/james/.rbenv/versions/2.4.2/lib/ruby/gems/2.4.0/gems/actionpack-5.0.4/lib/action_dispatch/middleware/templates/rescues/routing_error.html.erb within rescues/layout (323.7ms)
DEPRECATION WARNING: Accessing mime types via constants is deprecated. Please change `Mime::HTML` to `Mime[:html]`. (called from acceptable_content_type? at /home/james/.rbenv/versions/2.4.2/lib/ruby/gems/2.4.0/gems/web-console-2.3.0/lib/web_console/middleware.rb:58)
  Rendering /home/james/.rbenv/versions/2.4.2/lib/ruby/gems/2.4.0/gems/web-console-2.3.0/lib/web_console/templates/index.html.erb
  Rendered /home/james/.rbenv/versions/2.4.2/lib/ruby/gems/2.4.0/gems/web-console-2.3.0/lib/web_console/templates/_markup.html.erb (0.8ms)
  Rendering /home/james/.rbenv/versions/2.4.2/lib/ruby/gems/2.4.0/gems/web-console-2.3.0/lib/web_console/templates/console.js.erb within layouts/javascript
  Rendering /home/james/.rbenv/versions/2.4.2/lib/ruby/gems/2.4.0/gems/web-console-2.3.0/lib/web_console/templates/_inner_console_markup.html.erb within layouts/inlined_string
  Rendered /home/james/.rbenv/versions/2.4.2/lib/ruby/gems/2.4.0/gems/web-console-2.3.0/lib/web_console/templates/_inner_console_markup.html.erb within layouts/inlined_string (0.6ms)
  Rendering /home/james/.rbenv/versions/2.4.2/lib/ruby/gems/2.4.0/gems/web-console-2.3.0/lib/web_console/templates/_prompt_box_markup.html.erb within layouts/inlined_string
  Rendered /home/james/.rbenv/versions/2.4.2/lib/ruby/gems/2.4.0/gems/web-console-2.3.0/lib/web_console/templates/_prompt_box_markup.html.erb within layouts/inlined_string (0.6ms)
  Rendering /home/james/.rbenv/versions/2.4.2/lib/ruby/gems/2.4.0/gems/web-console-2.3.0/lib/web_console/templates/style.css.erb within layouts/inlined_string
  Rendered /home/james/.rbenv/versions/2.4.2/lib/ruby/gems/2.4.0/gems/web-console-2.3.0/lib/web_console/templates/style.css.erb within layouts/inlined_string (0.8ms)
DEPRECATION WARNING: Accessing mime types via constants is deprecated. Please change `Mime::WEB_CONSOLE_V2` to `Mime[:web_console_v2]`. (called from __home_james__rbenv_versions_______lib_ruby_gems_______gems_web_console_______lib_web_console_templates_console_js_erb___801032768526660935_69972216779340 at /home/james/.rbenv/versions/2.4.2/lib/ruby/gems/2.4.0/gems/web-console-2.3.0/lib/web_console/templates/console.js.erb:491)
  Rendered /home/james/.rbenv/versions/2.4.2/lib/ruby/gems/2.4.0/gems/web-console-2.3.0/lib/web_console/templates/console.js.erb within layouts/javascript (65.9ms)
  Rendering /home/james/.rbenv/versions/2.4.2/lib/ruby/gems/2.4.0/gems/web-console-2.3.0/lib/web_console/templates/main.js.erb within layouts/javascript
  Rendered /home/james/.rbenv/versions/2.4.2/lib/ruby/gems/2.4.0/gems/web-console-2.3.0/lib/web_console/templates/main.js.erb within layouts/javascript (0.7ms)
  Rendering /home/james/.rbenv/versions/2.4.2/lib/ruby/gems/2.4.0/gems/web-console-2.3.0/lib/web_console/templates/error_page.js.erb within layouts/javascript
  Rendered /home/james/.rbenv/versions/2.4.2/lib/ruby/gems/2.4.0/gems/web-console-2.3.0/lib/web_console/templates/error_page.js.erb within layouts/javascript (0.9ms)
  Rendered /home/james/.rbenv/versions/2.4.2/lib/ruby/gems/2.4.0/gems/web-console-2.3.0/lib/web_console/templates/index.html.erb (160.5ms)
Started GET "/kitten" for 127.0.0.1 at 2017-11-21 14:49:30 -0500
  
ActionController::RoutingError (No route matches [GET] "/kitten"):
  
actionpack (5.0.4) lib/action_dispatch/middleware/debug_exceptions.rb:53:in `call'
web-console (2.3.0) lib/web_console/middleware.rb:28:in `block in call'
web-console (2.3.0) lib/web_console/middleware.rb:18:in `catch'
web-console (2.3.0) lib/web_console/middleware.rb:18:in `call'
actionpack (5.0.4) lib/action_dispatch/middleware/show_exceptions.rb:31:in `call'
railties (5.0.4) lib/rails/rack/logger.rb:36:in `call_app'
railties (5.0.4) lib/rails/rack/logger.rb:24:in `block in call'
activesupport (5.0.4) lib/active_support/tagged_logging.rb:69:in `block in tagged'
activesupport (5.0.4) lib/active_support/tagged_logging.rb:26:in `tagged'
activesupport (5.0.4) lib/active_support/tagged_logging.rb:69:in `tagged'
railties (5.0.4) lib/rails/rack/logger.rb:24:in `call'
sprockets-rails (3.2.0) lib/sprockets/rails/quiet_assets.rb:13:in `call'
actionpack (5.0.4) lib/action_dispatch/middleware/request_id.rb:24:in `call'
rack (2.0.3) lib/rack/method_override.rb:22:in `call'
rack (2.0.3) lib/rack/runtime.rb:22:in `call'
activesupport (5.0.4) lib/active_support/cache/strategy/local_cache_middleware.rb:28:in `call'
actionpack (5.0.4) lib/action_dispatch/middleware/executor.rb:12:in `call'
actionpack (5.0.4) lib/action_dispatch/middleware/static.rb:136:in `call'
rack (2.0.3) lib/rack/sendfile.rb:111:in `call'
railties (5.0.4) lib/rails/engine.rb:522:in `call'
rack (2.0.3) lib/rack/handler/webrick.rb:86:in `service'
/home/james/.rbenv/versions/2.4.2/lib/ruby/2.4.0/webrick/httpserver.rb:140:in `service'
/home/james/.rbenv/versions/2.4.2/lib/ruby/2.4.0/webrick/httpserver.rb:96:in `run'
/home/james/.rbenv/versions/2.4.2/lib/ruby/2.4.0/webrick/server.rb:290:in `block in start_thread'
  Rendering /home/james/.rbenv/versions/2.4.2/lib/ruby/gems/2.4.0/gems/actionpack-5.0.4/lib/action_dispatch/middleware/templates/rescues/routing_error.html.erb within rescues/layout
  Rendering /home/james/.rbenv/versions/2.4.2/lib/ruby/gems/2.4.0/gems/actionpack-5.0.4/lib/action_dispatch/middleware/templates/rescues/_trace.html.erb
  Rendered /home/james/.rbenv/versions/2.4.2/lib/ruby/gems/2.4.0/gems/actionpack-5.0.4/lib/action_dispatch/middleware/templates/rescues/_trace.html.erb (2.4ms)
  Rendered collection of /home/james/.rbenv/versions/2.4.2/lib/ruby/gems/2.4.0/gems/actionpack-5.0.4/lib/action_dispatch/middleware/templates/routes/_route.html.erb [5 times] (4.9ms)
  Rendered /home/james/.rbenv/versions/2.4.2/lib/ruby/gems/2.4.0/gems/actionpack-5.0.4/lib/action_dispatch/middleware/templates/routes/_table.html.erb (2.0ms)
  Rendering /home/james/.rbenv/versions/2.4.2/lib/ruby/gems/2.4.0/gems/actionpack-5.0.4/lib/action_dispatch/middleware/templates/rescues/_request_and_response.html.erb
  Rendered /home/james/.rbenv/versions/2.4.2/lib/ruby/gems/2.4.0/gems/actionpack-5.0.4/lib/action_dispatch/middleware/templates/rescues/_request_and_response.html.erb (2.0ms)
  Rendered /home/james/.rbenv/versions/2.4.2/lib/ruby/gems/2.4.0/gems/actionpack-5.0.4/lib/action_dispatch/middleware/templates/rescues/routing_error.html.erb within rescues/layout (48.3ms)
DEPRECATION WARNING: Accessing mime types via constants is deprecated. Please change `Mime::HTML` to `Mime[:html]`. (called from acceptable_content_type? at /home/james/.rbenv/versions/2.4.2/lib/ruby/gems/2.4.0/gems/web-console-2.3.0/lib/web_console/middleware.rb:58)
  Rendering /home/james/.rbenv/versions/2.4.2/lib/ruby/gems/2.4.0/gems/web-console-2.3.0/lib/web_console/templates/index.html.erb
  Rendered /home/james/.rbenv/versions/2.4.2/lib/ruby/gems/2.4.0/gems/web-console-2.3.0/lib/web_console/templates/_markup.html.erb (0.8ms)
  Rendering /home/james/.rbenv/versions/2.4.2/lib/ruby/gems/2.4.0/gems/web-console-2.3.0/lib/web_console/templates/console.js.erb within layouts/javascript
  Rendering /home/james/.rbenv/versions/2.4.2/lib/ruby/gems/2.4.0/gems/web-console-2.3.0/lib/web_console/templates/_inner_console_markup.html.erb within layouts/inlined_string
  Rendered /home/james/.rbenv/versions/2.4.2/lib/ruby/gems/2.4.0/gems/web-console-2.3.0/lib/web_console/templates/_inner_console_markup.html.erb within layouts/inlined_string (0.6ms)
  Rendering /home/james/.rbenv/versions/2.4.2/lib/ruby/gems/2.4.0/gems/web-console-2.3.0/lib/web_console/templates/_prompt_box_markup.html.erb within layouts/inlined_string
  Rendered /home/james/.rbenv/versions/2.4.2/lib/ruby/gems/2.4.0/gems/web-console-2.3.0/lib/web_console/templates/_prompt_box_markup.html.erb within layouts/inlined_string (0.6ms)
  Rendering /home/james/.rbenv/versions/2.4.2/lib/ruby/gems/2.4.0/gems/web-console-2.3.0/lib/web_console/templates/style.css.erb within layouts/inlined_string
  Rendered /home/james/.rbenv/versions/2.4.2/lib/ruby/gems/2.4.0/gems/web-console-2.3.0/lib/web_console/templates/style.css.erb within layouts/inlined_string (0.9ms)
DEPRECATION WARNING: Accessing mime types via constants is deprecated. Please change `Mime::WEB_CONSOLE_V2` to `Mime[:web_console_v2]`. (called from __home_james__rbenv_versions_______lib_ruby_gems_______gems_web_console_______lib_web_console_templates_console_js_erb___801032768526660935_69972218205960 at /home/james/.rbenv/versions/2.4.2/lib/ruby/gems/2.4.0/gems/web-console-2.3.0/lib/web_console/templates/console.js.erb:491)
  Rendered /home/james/.rbenv/versions/2.4.2/lib/ruby/gems/2.4.0/gems/web-console-2.3.0/lib/web_console/templates/console.js.erb within layouts/javascript (34.3ms)
  Rendering /home/james/.rbenv/versions/2.4.2/lib/ruby/gems/2.4.0/gems/web-console-2.3.0/lib/web_console/templates/main.js.erb within layouts/javascript
  Rendered /home/james/.rbenv/versions/2.4.2/lib/ruby/gems/2.4.0/gems/web-console-2.3.0/lib/web_console/templates/main.js.erb within layouts/javascript (0.5ms)
  Rendering /home/james/.rbenv/versions/2.4.2/lib/ruby/gems/2.4.0/gems/web-console-2.3.0/lib/web_console/templates/error_page.js.erb within layouts/javascript
  Rendered /home/james/.rbenv/versions/2.4.2/lib/ruby/gems/2.4.0/gems/web-console-2.3.0/lib/web_console/templates/error_page.js.erb within layouts/javascript (0.8ms)
  Rendered /home/james/.rbenv/versions/2.4.2/lib/ruby/gems/2.4.0/gems/web-console-2.3.0/lib/web_console/templates/index.html.erb (69.5ms)
Started GET "/kitten" for 127.0.0.1 at 2017-11-21 14:49:32 -0500
  
ActionController::RoutingError (No route matches [GET] "/kitten"):
  
actionpack (5.0.4) lib/action_dispatch/middleware/debug_exceptions.rb:53:in `call'
web-console (2.3.0) lib/web_console/middleware.rb:28:in `block in call'
web-console (2.3.0) lib/web_console/middleware.rb:18:in `catch'
web-console (2.3.0) lib/web_console/middleware.rb:18:in `call'
actionpack (5.0.4) lib/action_dispatch/middleware/show_exceptions.rb:31:in `call'
railties (5.0.4) lib/rails/rack/logger.rb:36:in `call_app'
railties (5.0.4) lib/rails/rack/logger.rb:24:in `block in call'
activesupport (5.0.4) lib/active_support/tagged_logging.rb:69:in `block in tagged'
activesupport (5.0.4) lib/active_support/tagged_logging.rb:26:in `tagged'
activesupport (5.0.4) lib/active_support/tagged_logging.rb:69:in `tagged'
railties (5.0.4) lib/rails/rack/logger.rb:24:in `call'
sprockets-rails (3.2.0) lib/sprockets/rails/quiet_assets.rb:13:in `call'
actionpack (5.0.4) lib/action_dispatch/middleware/request_id.rb:24:in `call'
rack (2.0.3) lib/rack/method_override.rb:22:in `call'
rack (2.0.3) lib/rack/runtime.rb:22:in `call'
activesupport (5.0.4) lib/active_support/cache/strategy/local_cache_middleware.rb:28:in `call'
actionpack (5.0.4) lib/action_dispatch/middleware/executor.rb:12:in `call'
actionpack (5.0.4) lib/action_dispatch/middleware/static.rb:136:in `call'
rack (2.0.3) lib/rack/sendfile.rb:111:in `call'
railties (5.0.4) lib/rails/engine.rb:522:in `call'
rack (2.0.3) lib/rack/handler/webrick.rb:86:in `service'
/home/james/.rbenv/versions/2.4.2/lib/ruby/2.4.0/webrick/httpserver.rb:140:in `service'
/home/james/.rbenv/versions/2.4.2/lib/ruby/2.4.0/webrick/httpserver.rb:96:in `run'
/home/james/.rbenv/versions/2.4.2/lib/ruby/2.4.0/webrick/server.rb:290:in `block in start_thread'
  Rendering /home/james/.rbenv/versions/2.4.2/lib/ruby/gems/2.4.0/gems/actionpack-5.0.4/lib/action_dispatch/middleware/templates/rescues/routing_error.html.erb within rescues/layout
  Rendering /home/james/.rbenv/versions/2.4.2/lib/ruby/gems/2.4.0/gems/actionpack-5.0.4/lib/action_dispatch/middleware/templates/rescues/_trace.html.erb
  Rendered /home/james/.rbenv/versions/2.4.2/lib/ruby/gems/2.4.0/gems/actionpack-5.0.4/lib/action_dispatch/middleware/templates/rescues/_trace.html.erb (2.3ms)
  Rendered collection of /home/james/.rbenv/versions/2.4.2/lib/ruby/gems/2.4.0/gems/actionpack-5.0.4/lib/action_dispatch/middleware/templates/routes/_route.html.erb [5 times] (3.8ms)
  Rendered /home/james/.rbenv/versions/2.4.2/lib/ruby/gems/2.4.0/gems/actionpack-5.0.4/lib/action_dispatch/middleware/templates/routes/_table.html.erb (2.4ms)
  Rendering /home/james/.rbenv/versions/2.4.2/lib/ruby/gems/2.4.0/gems/actionpack-5.0.4/lib/action_dispatch/middleware/templates/rescues/_request_and_response.html.erb
  Rendered /home/james/.rbenv/versions/2.4.2/lib/ruby/gems/2.4.0/gems/actionpack-5.0.4/lib/action_dispatch/middleware/templates/rescues/_request_and_response.html.erb (1.9ms)
  Rendered /home/james/.rbenv/versions/2.4.2/lib/ruby/gems/2.4.0/gems/actionpack-5.0.4/lib/action_dispatch/middleware/templates/rescues/routing_error.html.erb within rescues/layout (47.0ms)
DEPRECATION WARNING: Accessing mime types via constants is deprecated. Please change `Mime::HTML` to `Mime[:html]`. (called from acceptable_content_type? at /home/james/.rbenv/versions/2.4.2/lib/ruby/gems/2.4.0/gems/web-console-2.3.0/lib/web_console/middleware.rb:58)
  Rendering /home/james/.rbenv/versions/2.4.2/lib/ruby/gems/2.4.0/gems/web-console-2.3.0/lib/web_console/templates/index.html.erb
  Rendered /home/james/.rbenv/versions/2.4.2/lib/ruby/gems/2.4.0/gems/web-console-2.3.0/lib/web_console/templates/_markup.html.erb (0.8ms)
  Rendering /home/james/.rbenv/versions/2.4.2/lib/ruby/gems/2.4.0/gems/web-console-2.3.0/lib/web_console/templates/console.js.erb within layouts/javascript
  Rendering /home/james/.rbenv/versions/2.4.2/lib/ruby/gems/2.4.0/gems/web-console-2.3.0/lib/web_console/templates/_inner_console_markup.html.erb within layouts/inlined_string
  Rendered /home/james/.rbenv/versions/2.4.2/lib/ruby/gems/2.4.0/gems/web-console-2.3.0/lib/web_console/templates/_inner_console_markup.html.erb within layouts/inlined_string (0.6ms)
  Rendering /home/james/.rbenv/versions/2.4.2/lib/ruby/gems/2.4.0/gems/web-console-2.3.0/lib/web_console/templates/_prompt_box_markup.html.erb within layouts/inlined_string
  Rendered /home/james/.rbenv/versions/2.4.2/lib/ruby/gems/2.4.0/gems/web-console-2.3.0/lib/web_console/templates/_prompt_box_markup.html.erb within layouts/inlined_string (0.7ms)
  Rendering /home/james/.rbenv/versions/2.4.2/lib/ruby/gems/2.4.0/gems/web-console-2.3.0/lib/web_console/templates/style.css.erb within layouts/inlined_string
  Rendered /home/james/.rbenv/versions/2.4.2/lib/ruby/gems/2.4.0/gems/web-console-2.3.0/lib/web_console/templates/style.css.erb within layouts/inlined_string (0.6ms)
DEPRECATION WARNING: Accessing mime types via constants is deprecated. Please change `Mime::WEB_CONSOLE_V2` to `Mime[:web_console_v2]`. (called from __home_james__rbenv_versions_______lib_ruby_gems_______gems_web_console_______lib_web_console_templates_console_js_erb___801032768526660935_69972219449680 at /home/james/.rbenv/versions/2.4.2/lib/ruby/gems/2.4.0/gems/web-console-2.3.0/lib/web_console/templates/console.js.erb:491)
  Rendered /home/james/.rbenv/versions/2.4.2/lib/ruby/gems/2.4.0/gems/web-console-2.3.0/lib/web_console/templates/console.js.erb within layouts/javascript (34.3ms)
  Rendering /home/james/.rbenv/versions/2.4.2/lib/ruby/gems/2.4.0/gems/web-console-2.3.0/lib/web_console/templates/main.js.erb within layouts/javascript
  Rendered /home/james/.rbenv/versions/2.4.2/lib/ruby/gems/2.4.0/gems/web-console-2.3.0/lib/web_console/templates/main.js.erb within layouts/javascript (0.6ms)
  Rendering /home/james/.rbenv/versions/2.4.2/lib/ruby/gems/2.4.0/gems/web-console-2.3.0/lib/web_console/templates/error_page.js.erb within layouts/javascript
  Rendered /home/james/.rbenv/versions/2.4.2/lib/ruby/gems/2.4.0/gems/web-console-2.3.0/lib/web_console/templates/error_page.js.erb within layouts/javascript (0.7ms)
  Rendered /home/james/.rbenv/versions/2.4.2/lib/ruby/gems/2.4.0/gems/web-console-2.3.0/lib/web_console/templates/index.html.erb (68.6ms)
Started GET "/contest" for 127.0.0.1 at 2017-11-21 14:50:01 -0500
  
SyntaxError (/home/james/Desktop/bitmaker/projects/routing-controllers-intro/app/controllers/pages_controller.rb:15: syntax error, unexpected '/', expecting ';' or '\n'
  def kitten/:size
             ^
/home/james/Desktop/bitmaker/projects/routing-controllers-intro/app/controllers/pages_controller.rb:19: syntax error, unexpected keyword_end, expecting end-of-input):
  
app/controllers/pages_controller.rb:15: syntax error, unexpected '/', expecting ';' or '\n'
app/controllers/pages_controller.rb:19: syntax error, unexpected keyword_end, expecting end-of-input
  Rendering /home/james/.rbenv/versions/2.4.2/lib/ruby/gems/2.4.0/gems/actionpack-5.0.4/lib/action_dispatch/middleware/templates/rescues/diagnostics.html.erb within rescues/layout
  Rendering /home/james/.rbenv/versions/2.4.2/lib/ruby/gems/2.4.0/gems/actionpack-5.0.4/lib/action_dispatch/middleware/templates/rescues/_source.html.erb
  Rendered /home/james/.rbenv/versions/2.4.2/lib/ruby/gems/2.4.0/gems/actionpack-5.0.4/lib/action_dispatch/middleware/templates/rescues/_source.html.erb (8.3ms)
  Rendering /home/james/.rbenv/versions/2.4.2/lib/ruby/gems/2.4.0/gems/actionpack-5.0.4/lib/action_dispatch/middleware/templates/rescues/_trace.html.erb
  Rendered /home/james/.rbenv/versions/2.4.2/lib/ruby/gems/2.4.0/gems/actionpack-5.0.4/lib/action_dispatch/middleware/templates/rescues/_trace.html.erb (3.5ms)
  Rendering /home/james/.rbenv/versions/2.4.2/lib/ruby/gems/2.4.0/gems/actionpack-5.0.4/lib/action_dispatch/middleware/templates/rescues/_request_and_response.html.erb
  Rendered /home/james/.rbenv/versions/2.4.2/lib/ruby/gems/2.4.0/gems/actionpack-5.0.4/lib/action_dispatch/middleware/templates/rescues/_request_and_response.html.erb (1.7ms)
  Rendered /home/james/.rbenv/versions/2.4.2/lib/ruby/gems/2.4.0/gems/actionpack-5.0.4/lib/action_dispatch/middleware/templates/rescues/diagnostics.html.erb within rescues/layout (50.4ms)
DEPRECATION WARNING: Accessing mime types via constants is deprecated. Please change `Mime::HTML` to `Mime[:html]`. (called from acceptable_content_type? at /home/james/.rbenv/versions/2.4.2/lib/ruby/gems/2.4.0/gems/web-console-2.3.0/lib/web_console/middleware.rb:58)
  Rendering /home/james/.rbenv/versions/2.4.2/lib/ruby/gems/2.4.0/gems/web-console-2.3.0/lib/web_console/templates/index.html.erb
  Rendered /home/james/.rbenv/versions/2.4.2/lib/ruby/gems/2.4.0/gems/web-console-2.3.0/lib/web_console/templates/_markup.html.erb (0.8ms)
  Rendering /home/james/.rbenv/versions/2.4.2/lib/ruby/gems/2.4.0/gems/web-console-2.3.0/lib/web_console/templates/console.js.erb within layouts/javascript
  Rendering /home/james/.rbenv/versions/2.4.2/lib/ruby/gems/2.4.0/gems/web-console-2.3.0/lib/web_console/templates/_inner_console_markup.html.erb within layouts/inlined_string
  Rendered /home/james/.rbenv/versions/2.4.2/lib/ruby/gems/2.4.0/gems/web-console-2.3.0/lib/web_console/templates/_inner_console_markup.html.erb within layouts/inlined_string (0.6ms)
  Rendering /home/james/.rbenv/versions/2.4.2/lib/ruby/gems/2.4.0/gems/web-console-2.3.0/lib/web_console/templates/_prompt_box_markup.html.erb within layouts/inlined_string
  Rendered /home/james/.rbenv/versions/2.4.2/lib/ruby/gems/2.4.0/gems/web-console-2.3.0/lib/web_console/templates/_prompt_box_markup.html.erb within layouts/inlined_string (0.6ms)
  Rendering /home/james/.rbenv/versions/2.4.2/lib/ruby/gems/2.4.0/gems/web-console-2.3.0/lib/web_console/templates/style.css.erb within layouts/inlined_string
  Rendered /home/james/.rbenv/versions/2.4.2/lib/ruby/gems/2.4.0/gems/web-console-2.3.0/lib/web_console/templates/style.css.erb within layouts/inlined_string (0.6ms)
DEPRECATION WARNING: Accessing mime types via constants is deprecated. Please change `Mime::WEB_CONSOLE_V2` to `Mime[:web_console_v2]`. (called from __home_james__rbenv_versions_______lib_ruby_gems_______gems_web_console_______lib_web_console_templates_console_js_erb___801032768526660935_69972219854360 at /home/james/.rbenv/versions/2.4.2/lib/ruby/gems/2.4.0/gems/web-console-2.3.0/lib/web_console/templates/console.js.erb:491)
  Rendered /home/james/.rbenv/versions/2.4.2/lib/ruby/gems/2.4.0/gems/web-console-2.3.0/lib/web_console/templates/console.js.erb within layouts/javascript (33.3ms)
  Rendering /home/james/.rbenv/versions/2.4.2/lib/ruby/gems/2.4.0/gems/web-console-2.3.0/lib/web_console/templates/main.js.erb within layouts/javascript
  Rendered /home/james/.rbenv/versions/2.4.2/lib/ruby/gems/2.4.0/gems/web-console-2.3.0/lib/web_console/templates/main.js.erb within layouts/javascript (0.7ms)
  Rendering /home/james/.rbenv/versions/2.4.2/lib/ruby/gems/2.4.0/gems/web-console-2.3.0/lib/web_console/templates/error_page.js.erb within layouts/javascript
  Rendered /home/james/.rbenv/versions/2.4.2/lib/ruby/gems/2.4.0/gems/web-console-2.3.0/lib/web_console/templates/error_page.js.erb within layouts/javascript (0.7ms)
  Rendered /home/james/.rbenv/versions/2.4.2/lib/ruby/gems/2.4.0/gems/web-console-2.3.0/lib/web_console/templates/index.html.erb (67.8ms)
Started GET "/kitten" for 127.0.0.1 at 2017-11-21 14:51:40 -0500
  
ActionController::RoutingError (No route matches [GET] "/kitten"):
  
actionpack (5.0.4) lib/action_dispatch/middleware/debug_exceptions.rb:53:in `call'
web-console (2.3.0) lib/web_console/middleware.rb:28:in `block in call'
web-console (2.3.0) lib/web_console/middleware.rb:18:in `catch'
web-console (2.3.0) lib/web_console/middleware.rb:18:in `call'
actionpack (5.0.4) lib/action_dispatch/middleware/show_exceptions.rb:31:in `call'
railties (5.0.4) lib/rails/rack/logger.rb:36:in `call_app'
railties (5.0.4) lib/rails/rack/logger.rb:24:in `block in call'
activesupport (5.0.4) lib/active_support/tagged_logging.rb:69:in `block in tagged'
activesupport (5.0.4) lib/active_support/tagged_logging.rb:26:in `tagged'
activesupport (5.0.4) lib/active_support/tagged_logging.rb:69:in `tagged'
railties (5.0.4) lib/rails/rack/logger.rb:24:in `call'
sprockets-rails (3.2.0) lib/sprockets/rails/quiet_assets.rb:13:in `call'
actionpack (5.0.4) lib/action_dispatch/middleware/request_id.rb:24:in `call'
rack (2.0.3) lib/rack/method_override.rb:22:in `call'
rack (2.0.3) lib/rack/runtime.rb:22:in `call'
activesupport (5.0.4) lib/active_support/cache/strategy/local_cache_middleware.rb:28:in `call'
actionpack (5.0.4) lib/action_dispatch/middleware/executor.rb:12:in `call'
actionpack (5.0.4) lib/action_dispatch/middleware/static.rb:136:in `call'
rack (2.0.3) lib/rack/sendfile.rb:111:in `call'
railties (5.0.4) lib/rails/engine.rb:522:in `call'
rack (2.0.3) lib/rack/handler/webrick.rb:86:in `service'
/home/james/.rbenv/versions/2.4.2/lib/ruby/2.4.0/webrick/httpserver.rb:140:in `service'
/home/james/.rbenv/versions/2.4.2/lib/ruby/2.4.0/webrick/httpserver.rb:96:in `run'
/home/james/.rbenv/versions/2.4.2/lib/ruby/2.4.0/webrick/server.rb:290:in `block in start_thread'
  Rendering /home/james/.rbenv/versions/2.4.2/lib/ruby/gems/2.4.0/gems/actionpack-5.0.4/lib/action_dispatch/middleware/templates/rescues/routing_error.html.erb within rescues/layout
  Rendering /home/james/.rbenv/versions/2.4.2/lib/ruby/gems/2.4.0/gems/actionpack-5.0.4/lib/action_dispatch/middleware/templates/rescues/_trace.html.erb
  Rendered /home/james/.rbenv/versions/2.4.2/lib/ruby/gems/2.4.0/gems/actionpack-5.0.4/lib/action_dispatch/middleware/templates/rescues/_trace.html.erb (3.1ms)
  Rendered collection of /home/james/.rbenv/versions/2.4.2/lib/ruby/gems/2.4.0/gems/actionpack-5.0.4/lib/action_dispatch/middleware/templates/routes/_route.html.erb [5 times] (3.9ms)
  Rendered /home/james/.rbenv/versions/2.4.2/lib/ruby/gems/2.4.0/gems/actionpack-5.0.4/lib/action_dispatch/middleware/templates/routes/_table.html.erb (2.3ms)
  Rendering /home/james/.rbenv/versions/2.4.2/lib/ruby/gems/2.4.0/gems/actionpack-5.0.4/lib/action_dispatch/middleware/templates/rescues/_request_and_response.html.erb
  Rendered /home/james/.rbenv/versions/2.4.2/lib/ruby/gems/2.4.0/gems/actionpack-5.0.4/lib/action_dispatch/middleware/templates/rescues/_request_and_response.html.erb (2.5ms)
  Rendered /home/james/.rbenv/versions/2.4.2/lib/ruby/gems/2.4.0/gems/actionpack-5.0.4/lib/action_dispatch/middleware/templates/rescues/routing_error.html.erb within rescues/layout (47.7ms)
DEPRECATION WARNING: Accessing mime types via constants is deprecated. Please change `Mime::HTML` to `Mime[:html]`. (called from acceptable_content_type? at /home/james/.rbenv/versions/2.4.2/lib/ruby/gems/2.4.0/gems/web-console-2.3.0/lib/web_console/middleware.rb:58)
  Rendering /home/james/.rbenv/versions/2.4.2/lib/ruby/gems/2.4.0/gems/web-console-2.3.0/lib/web_console/templates/index.html.erb
  Rendered /home/james/.rbenv/versions/2.4.2/lib/ruby/gems/2.4.0/gems/web-console-2.3.0/lib/web_console/templates/_markup.html.erb (0.7ms)
  Rendering /home/james/.rbenv/versions/2.4.2/lib/ruby/gems/2.4.0/gems/web-console-2.3.0/lib/web_console/templates/console.js.erb within layouts/javascript
  Rendering /home/james/.rbenv/versions/2.4.2/lib/ruby/gems/2.4.0/gems/web-console-2.3.0/lib/web_console/templates/_inner_console_markup.html.erb within layouts/inlined_string
  Rendered /home/james/.rbenv/versions/2.4.2/lib/ruby/gems/2.4.0/gems/web-console-2.3.0/lib/web_console/templates/_inner_console_markup.html.erb within layouts/inlined_string (0.7ms)
  Rendering /home/james/.rbenv/versions/2.4.2/lib/ruby/gems/2.4.0/gems/web-console-2.3.0/lib/web_console/templates/_prompt_box_markup.html.erb within layouts/inlined_string
  Rendered /home/james/.rbenv/versions/2.4.2/lib/ruby/gems/2.4.0/gems/web-console-2.3.0/lib/web_console/templates/_prompt_box_markup.html.erb within layouts/inlined_string (0.5ms)
  Rendering /home/james/.rbenv/versions/2.4.2/lib/ruby/gems/2.4.0/gems/web-console-2.3.0/lib/web_console/templates/style.css.erb within layouts/inlined_string
  Rendered /home/james/.rbenv/versions/2.4.2/lib/ruby/gems/2.4.0/gems/web-console-2.3.0/lib/web_console/templates/style.css.erb within layouts/inlined_string (0.7ms)
DEPRECATION WARNING: Accessing mime types via constants is deprecated. Please change `Mime::WEB_CONSOLE_V2` to `Mime[:web_console_v2]`. (called from __home_james__rbenv_versions_______lib_ruby_gems_______gems_web_console_______lib_web_console_templates_console_js_erb___801032768526660935_69972217726300 at /home/james/.rbenv/versions/2.4.2/lib/ruby/gems/2.4.0/gems/web-console-2.3.0/lib/web_console/templates/console.js.erb:491)
  Rendered /home/james/.rbenv/versions/2.4.2/lib/ruby/gems/2.4.0/gems/web-console-2.3.0/lib/web_console/templates/console.js.erb within layouts/javascript (33.9ms)
  Rendering /home/james/.rbenv/versions/2.4.2/lib/ruby/gems/2.4.0/gems/web-console-2.3.0/lib/web_console/templates/main.js.erb within layouts/javascript
  Rendered /home/james/.rbenv/versions/2.4.2/lib/ruby/gems/2.4.0/gems/web-console-2.3.0/lib/web_console/templates/main.js.erb within layouts/javascript (0.9ms)
  Rendering /home/james/.rbenv/versions/2.4.2/lib/ruby/gems/2.4.0/gems/web-console-2.3.0/lib/web_console/templates/error_page.js.erb within layouts/javascript
  Rendered /home/james/.rbenv/versions/2.4.2/lib/ruby/gems/2.4.0/gems/web-console-2.3.0/lib/web_console/templates/error_page.js.erb within layouts/javascript (0.7ms)
  Rendered /home/james/.rbenv/versions/2.4.2/lib/ruby/gems/2.4.0/gems/web-console-2.3.0/lib/web_console/templates/index.html.erb (69.0ms)
Started GET "/kitten/1" for 127.0.0.1 at 2017-11-21 14:51:53 -0500
Processing by PagesController#kitten as HTML
  Parameters: {"size"=>"1"}
  Rendering pages/kitten.html.erb within layouts/application
  Rendered pages/kitten.html.erb within layouts/application (3.7ms)
Completed 500 Internal Server Error in 10ms (ActiveRecord: 0.0ms)


  
ActionView::Template::Error (nil is not a valid asset source):
    1: <h2>This is the kitten page</h2>
    2: <%= image_tag @kitten_url %>
  
app/views/pages/kitten.html.erb:2:in `_app_views_pages_kitten_html_erb___4576619334598605693_69972217321700'
  Rendering /home/james/.rbenv/versions/2.4.2/lib/ruby/gems/2.4.0/gems/actionpack-5.0.4/lib/action_dispatch/middleware/templates/rescues/template_error.html.erb within rescues/layout
  Rendering /home/james/.rbenv/versions/2.4.2/lib/ruby/gems/2.4.0/gems/actionpack-5.0.4/lib/action_dispatch/middleware/templates/rescues/_source.html.erb
  Rendered /home/james/.rbenv/versions/2.4.2/lib/ruby/gems/2.4.0/gems/actionpack-5.0.4/lib/action_dispatch/middleware/templates/rescues/_source.html.erb (13.1ms)
  Rendering /home/james/.rbenv/versions/2.4.2/lib/ruby/gems/2.4.0/gems/actionpack-5.0.4/lib/action_dispatch/middleware/templates/rescues/_trace.html.erb
  Rendered /home/james/.rbenv/versions/2.4.2/lib/ruby/gems/2.4.0/gems/actionpack-5.0.4/lib/action_dispatch/middleware/templates/rescues/_trace.html.erb (5.0ms)
  Rendering /home/james/.rbenv/versions/2.4.2/lib/ruby/gems/2.4.0/gems/actionpack-5.0.4/lib/action_dispatch/middleware/templates/rescues/_request_and_response.html.erb
  Rendered /home/james/.rbenv/versions/2.4.2/lib/ruby/gems/2.4.0/gems/actionpack-5.0.4/lib/action_dispatch/middleware/templates/rescues/_request_and_response.html.erb (2.3ms)
  Rendered /home/james/.rbenv/versions/2.4.2/lib/ruby/gems/2.4.0/gems/actionpack-5.0.4/lib/action_dispatch/middleware/templates/rescues/template_error.html.erb within rescues/layout (50.3ms)
DEPRECATION WARNING: #original_exception is deprecated. Use #cause instead. (called from block in render_exception_with_web_console at /home/james/.rbenv/versions/2.4.2/lib/ruby/gems/2.4.0/gems/web-console-2.3.0/lib/web_console/extensions.rb:16)
DEPRECATION WARNING: Accessing mime types via constants is deprecated. Please change `Mime::HTML` to `Mime[:html]`. (called from acceptable_content_type? at /home/james/.rbenv/versions/2.4.2/lib/ruby/gems/2.4.0/gems/web-console-2.3.0/lib/web_console/middleware.rb:58)
  Rendering /home/james/.rbenv/versions/2.4.2/lib/ruby/gems/2.4.0/gems/web-console-2.3.0/lib/web_console/templates/index.html.erb
  Rendered /home/james/.rbenv/versions/2.4.2/lib/ruby/gems/2.4.0/gems/web-console-2.3.0/lib/web_console/templates/_markup.html.erb (0.8ms)
  Rendering /home/james/.rbenv/versions/2.4.2/lib/ruby/gems/2.4.0/gems/web-console-2.3.0/lib/web_console/templates/console.js.erb within layouts/javascript
  Rendering /home/james/.rbenv/versions/2.4.2/lib/ruby/gems/2.4.0/gems/web-console-2.3.0/lib/web_console/templates/_inner_console_markup.html.erb within layouts/inlined_string
  Rendered /home/james/.rbenv/versions/2.4.2/lib/ruby/gems/2.4.0/gems/web-console-2.3.0/lib/web_console/templates/_inner_console_markup.html.erb within layouts/inlined_string (0.7ms)
  Rendering /home/james/.rbenv/versions/2.4.2/lib/ruby/gems/2.4.0/gems/web-console-2.3.0/lib/web_console/templates/_prompt_box_markup.html.erb within layouts/inlined_string
  Rendered /home/james/.rbenv/versions/2.4.2/lib/ruby/gems/2.4.0/gems/web-console-2.3.0/lib/web_console/templates/_prompt_box_markup.html.erb within layouts/inlined_string (0.6ms)
  Rendering /home/james/.rbenv/versions/2.4.2/lib/ruby/gems/2.4.0/gems/web-console-2.3.0/lib/web_console/templates/style.css.erb within layouts/inlined_string
  Rendered /home/james/.rbenv/versions/2.4.2/lib/ruby/gems/2.4.0/gems/web-console-2.3.0/lib/web_console/templates/style.css.erb within layouts/inlined_string (0.6ms)
DEPRECATION WARNING: Accessing mime types via constants is deprecated. Please change `Mime::WEB_CONSOLE_V2` to `Mime[:web_console_v2]`. (called from __home_james__rbenv_versions_______lib_ruby_gems_______gems_web_console_______lib_web_console_templates_console_js_erb___801032768526660935_69972204903660 at /home/james/.rbenv/versions/2.4.2/lib/ruby/gems/2.4.0/gems/web-console-2.3.0/lib/web_console/templates/console.js.erb:491)
  Rendered /home/james/.rbenv/versions/2.4.2/lib/ruby/gems/2.4.0/gems/web-console-2.3.0/lib/web_console/templates/console.js.erb within layouts/javascript (35.2ms)
  Rendering /home/james/.rbenv/versions/2.4.2/lib/ruby/gems/2.4.0/gems/web-console-2.3.0/lib/web_console/templates/main.js.erb within layouts/javascript
  Rendered /home/james/.rbenv/versions/2.4.2/lib/ruby/gems/2.4.0/gems/web-console-2.3.0/lib/web_console/templates/main.js.erb within layouts/javascript (0.8ms)
  Rendering /home/james/.rbenv/versions/2.4.2/lib/ruby/gems/2.4.0/gems/web-console-2.3.0/lib/web_console/templates/error_page.js.erb within layouts/javascript
  Rendered /home/james/.rbenv/versions/2.4.2/lib/ruby/gems/2.4.0/gems/web-console-2.3.0/lib/web_console/templates/error_page.js.erb within layouts/javascript (0.8ms)
  Rendered /home/james/.rbenv/versions/2.4.2/lib/ruby/gems/2.4.0/gems/web-console-2.3.0/lib/web_console/templates/index.html.erb (71.7ms)
Started GET "/kitten/1" for 127.0.0.1 at 2017-11-21 14:52:15 -0500
Processing by PagesController#kitten as HTML
  Parameters: {"size"=>"1"}
  Rendering pages/kitten.html.erb within layouts/application
  Rendered pages/kitten.html.erb within layouts/application (3.2ms)
Completed 500 Internal Server Error in 7ms (ActiveRecord: 0.0ms)


  
ActionView::Template::Error (nil is not a valid asset source):
    1: <h2>This is the kitten page</h2>
    2: <!-- <%= image_tag @kitten_url %> -->
  
app/views/pages/kitten.html.erb:2:in `_app_views_pages_kitten_html_erb___4576619334598605693_69972207163940'
  Rendering /home/james/.rbenv/versions/2.4.2/lib/ruby/gems/2.4.0/gems/actionpack-5.0.4/lib/action_dispatch/middleware/templates/rescues/template_error.html.erb within rescues/layout
  Rendering /home/james/.rbenv/versions/2.4.2/lib/ruby/gems/2.4.0/gems/actionpack-5.0.4/lib/action_dispatch/middleware/templates/rescues/_source.html.erb
  Rendered /home/james/.rbenv/versions/2.4.2/lib/ruby/gems/2.4.0/gems/actionpack-5.0.4/lib/action_dispatch/middleware/templates/rescues/_source.html.erb (12.4ms)
  Rendering /home/james/.rbenv/versions/2.4.2/lib/ruby/gems/2.4.0/gems/actionpack-5.0.4/lib/action_dispatch/middleware/templates/rescues/_trace.html.erb
  Rendered /home/james/.rbenv/versions/2.4.2/lib/ruby/gems/2.4.0/gems/actionpack-5.0.4/lib/action_dispatch/middleware/templates/rescues/_trace.html.erb (4.3ms)
  Rendering /home/james/.rbenv/versions/2.4.2/lib/ruby/gems/2.4.0/gems/actionpack-5.0.4/lib/action_dispatch/middleware/templates/rescues/_request_and_response.html.erb
  Rendered /home/james/.rbenv/versions/2.4.2/lib/ruby/gems/2.4.0/gems/actionpack-5.0.4/lib/action_dispatch/middleware/templates/rescues/_request_and_response.html.erb (1.9ms)
  Rendered /home/james/.rbenv/versions/2.4.2/lib/ruby/gems/2.4.0/gems/actionpack-5.0.4/lib/action_dispatch/middleware/templates/rescues/template_error.html.erb within rescues/layout (48.6ms)
DEPRECATION WARNING: #original_exception is deprecated. Use #cause instead. (called from block in render_exception_with_web_console at /home/james/.rbenv/versions/2.4.2/lib/ruby/gems/2.4.0/gems/web-console-2.3.0/lib/web_console/extensions.rb:16)
DEPRECATION WARNING: Accessing mime types via constants is deprecated. Please change `Mime::HTML` to `Mime[:html]`. (called from acceptable_content_type? at /home/james/.rbenv/versions/2.4.2/lib/ruby/gems/2.4.0/gems/web-console-2.3.0/lib/web_console/middleware.rb:58)
  Rendering /home/james/.rbenv/versions/2.4.2/lib/ruby/gems/2.4.0/gems/web-console-2.3.0/lib/web_console/templates/index.html.erb
  Rendered /home/james/.rbenv/versions/2.4.2/lib/ruby/gems/2.4.0/gems/web-console-2.3.0/lib/web_console/templates/_markup.html.erb (0.8ms)
  Rendering /home/james/.rbenv/versions/2.4.2/lib/ruby/gems/2.4.0/gems/web-console-2.3.0/lib/web_console/templates/console.js.erb within layouts/javascript
  Rendering /home/james/.rbenv/versions/2.4.2/lib/ruby/gems/2.4.0/gems/web-console-2.3.0/lib/web_console/templates/_inner_console_markup.html.erb within layouts/inlined_string
  Rendered /home/james/.rbenv/versions/2.4.2/lib/ruby/gems/2.4.0/gems/web-console-2.3.0/lib/web_console/templates/_inner_console_markup.html.erb within layouts/inlined_string (0.6ms)
  Rendering /home/james/.rbenv/versions/2.4.2/lib/ruby/gems/2.4.0/gems/web-console-2.3.0/lib/web_console/templates/_prompt_box_markup.html.erb within layouts/inlined_string
  Rendered /home/james/.rbenv/versions/2.4.2/lib/ruby/gems/2.4.0/gems/web-console-2.3.0/lib/web_console/templates/_prompt_box_markup.html.erb within layouts/inlined_string (0.7ms)
  Rendering /home/james/.rbenv/versions/2.4.2/lib/ruby/gems/2.4.0/gems/web-console-2.3.0/lib/web_console/templates/style.css.erb within layouts/inlined_string
  Rendered /home/james/.rbenv/versions/2.4.2/lib/ruby/gems/2.4.0/gems/web-console-2.3.0/lib/web_console/templates/style.css.erb within layouts/inlined_string (0.7ms)
DEPRECATION WARNING: Accessing mime types via constants is deprecated. Please change `Mime::WEB_CONSOLE_V2` to `Mime[:web_console_v2]`. (called from __home_james__rbenv_versions_______lib_ruby_gems_______gems_web_console_______lib_web_console_templates_console_js_erb___801032768526660935_69972216040440 at /home/james/.rbenv/versions/2.4.2/lib/ruby/gems/2.4.0/gems/web-console-2.3.0/lib/web_console/templates/console.js.erb:491)
  Rendered /home/james/.rbenv/versions/2.4.2/lib/ruby/gems/2.4.0/gems/web-console-2.3.0/lib/web_console/templates/console.js.erb within layouts/javascript (33.3ms)
  Rendering /home/james/.rbenv/versions/2.4.2/lib/ruby/gems/2.4.0/gems/web-console-2.3.0/lib/web_console/templates/main.js.erb within layouts/javascript
  Rendered /home/james/.rbenv/versions/2.4.2/lib/ruby/gems/2.4.0/gems/web-console-2.3.0/lib/web_console/templates/main.js.erb within layouts/javascript (0.7ms)
  Rendering /home/james/.rbenv/versions/2.4.2/lib/ruby/gems/2.4.0/gems/web-console-2.3.0/lib/web_console/templates/error_page.js.erb within layouts/javascript
  Rendered /home/james/.rbenv/versions/2.4.2/lib/ruby/gems/2.4.0/gems/web-console-2.3.0/lib/web_console/templates/error_page.js.erb within layouts/javascript (0.7ms)
  Rendered /home/james/.rbenv/versions/2.4.2/lib/ruby/gems/2.4.0/gems/web-console-2.3.0/lib/web_console/templates/index.html.erb (68.9ms)
Started GET "/kitten/1" for 127.0.0.1 at 2017-11-21 14:52:25 -0500
Processing by PagesController#kitten as HTML
  Parameters: {"size"=>"1"}
  Rendering pages/kitten.html.erb within layouts/application
  Rendered pages/kitten.html.erb within layouts/application (4.3ms)
Completed 500 Internal Server Error in 11ms (ActiveRecord: 0.0ms)


  
ActionView::Template::Error (nil is not a valid asset source):
    1: <h2>This is the kitten page</h2>
    2: <!-- <%= image_tag @kitten_url %> -->
  
app/views/pages/kitten.html.erb:2:in `_app_views_pages_kitten_html_erb___4576619334598605693_69972215771440'
  Rendering /home/james/.rbenv/versions/2.4.2/lib/ruby/gems/2.4.0/gems/actionpack-5.0.4/lib/action_dispatch/middleware/templates/rescues/template_error.html.erb within rescues/layout
  Rendering /home/james/.rbenv/versions/2.4.2/lib/ruby/gems/2.4.0/gems/actionpack-5.0.4/lib/action_dispatch/middleware/templates/rescues/_source.html.erb
  Rendered /home/james/.rbenv/versions/2.4.2/lib/ruby/gems/2.4.0/gems/actionpack-5.0.4/lib/action_dispatch/middleware/templates/rescues/_source.html.erb (14.6ms)
  Rendering /home/james/.rbenv/versions/2.4.2/lib/ruby/gems/2.4.0/gems/actionpack-5.0.4/lib/action_dispatch/middleware/templates/rescues/_trace.html.erb
  Rendered /home/james/.rbenv/versions/2.4.2/lib/ruby/gems/2.4.0/gems/actionpack-5.0.4/lib/action_dispatch/middleware/templates/rescues/_trace.html.erb (5.1ms)
  Rendering /home/james/.rbenv/versions/2.4.2/lib/ruby/gems/2.4.0/gems/actionpack-5.0.4/lib/action_dispatch/middleware/templates/rescues/_request_and_response.html.erb
  Rendered /home/james/.rbenv/versions/2.4.2/lib/ruby/gems/2.4.0/gems/actionpack-5.0.4/lib/action_dispatch/middleware/templates/rescues/_request_and_response.html.erb (2.6ms)
  Rendered /home/james/.rbenv/versions/2.4.2/lib/ruby/gems/2.4.0/gems/actionpack-5.0.4/lib/action_dispatch/middleware/templates/rescues/template_error.html.erb within rescues/layout (53.0ms)
DEPRECATION WARNING: #original_exception is deprecated. Use #cause instead. (called from block in render_exception_with_web_console at /home/james/.rbenv/versions/2.4.2/lib/ruby/gems/2.4.0/gems/web-console-2.3.0/lib/web_console/extensions.rb:16)
DEPRECATION WARNING: Accessing mime types via constants is deprecated. Please change `Mime::HTML` to `Mime[:html]`. (called from acceptable_content_type? at /home/james/.rbenv/versions/2.4.2/lib/ruby/gems/2.4.0/gems/web-console-2.3.0/lib/web_console/middleware.rb:58)
  Rendering /home/james/.rbenv/versions/2.4.2/lib/ruby/gems/2.4.0/gems/web-console-2.3.0/lib/web_console/templates/index.html.erb
  Rendered /home/james/.rbenv/versions/2.4.2/lib/ruby/gems/2.4.0/gems/web-console-2.3.0/lib/web_console/templates/_markup.html.erb (0.9ms)
  Rendering /home/james/.rbenv/versions/2.4.2/lib/ruby/gems/2.4.0/gems/web-console-2.3.0/lib/web_console/templates/console.js.erb within layouts/javascript
  Rendering /home/james/.rbenv/versions/2.4.2/lib/ruby/gems/2.4.0/gems/web-console-2.3.0/lib/web_console/templates/_inner_console_markup.html.erb within layouts/inlined_string
  Rendered /home/james/.rbenv/versions/2.4.2/lib/ruby/gems/2.4.0/gems/web-console-2.3.0/lib/web_console/templates/_inner_console_markup.html.erb within layouts/inlined_string (0.7ms)
  Rendering /home/james/.rbenv/versions/2.4.2/lib/ruby/gems/2.4.0/gems/web-console-2.3.0/lib/web_console/templates/_prompt_box_markup.html.erb within layouts/inlined_string
  Rendered /home/james/.rbenv/versions/2.4.2/lib/ruby/gems/2.4.0/gems/web-console-2.3.0/lib/web_console/templates/_prompt_box_markup.html.erb within layouts/inlined_string (0.6ms)
  Rendering /home/james/.rbenv/versions/2.4.2/lib/ruby/gems/2.4.0/gems/web-console-2.3.0/lib/web_console/templates/style.css.erb within layouts/inlined_string
  Rendered /home/james/.rbenv/versions/2.4.2/lib/ruby/gems/2.4.0/gems/web-console-2.3.0/lib/web_console/templates/style.css.erb within layouts/inlined_string (0.6ms)
DEPRECATION WARNING: Accessing mime types via constants is deprecated. Please change `Mime::WEB_CONSOLE_V2` to `Mime[:web_console_v2]`. (called from __home_james__rbenv_versions_______lib_ruby_gems_______gems_web_console_______lib_web_console_templates_console_js_erb___801032768526660935_47126416222800 at /home/james/.rbenv/versions/2.4.2/lib/ruby/gems/2.4.0/gems/web-console-2.3.0/lib/web_console/templates/console.js.erb:491)
  Rendered /home/james/.rbenv/versions/2.4.2/lib/ruby/gems/2.4.0/gems/web-console-2.3.0/lib/web_console/templates/console.js.erb within layouts/javascript (45.9ms)
  Rendering /home/james/.rbenv/versions/2.4.2/lib/ruby/gems/2.4.0/gems/web-console-2.3.0/lib/web_console/templates/main.js.erb within layouts/javascript
  Rendered /home/james/.rbenv/versions/2.4.2/lib/ruby/gems/2.4.0/gems/web-console-2.3.0/lib/web_console/templates/main.js.erb within layouts/javascript (0.7ms)
  Rendering /home/james/.rbenv/versions/2.4.2/lib/ruby/gems/2.4.0/gems/web-console-2.3.0/lib/web_console/templates/error_page.js.erb within layouts/javascript
  Rendered /home/james/.rbenv/versions/2.4.2/lib/ruby/gems/2.4.0/gems/web-console-2.3.0/lib/web_console/templates/error_page.js.erb within layouts/javascript (0.7ms)
  Rendered /home/james/.rbenv/versions/2.4.2/lib/ruby/gems/2.4.0/gems/web-console-2.3.0/lib/web_console/templates/index.html.erb (83.6ms)
Started GET "/kitten/1" for 127.0.0.1 at 2017-11-21 14:52:42 -0500
Processing by PagesController#kitten as HTML
  Parameters: {"size"=>"1"}
  Rendering pages/kitten.html.erb within layouts/application
  Rendered pages/kitten.html.erb within layouts/application (0.6ms)
Completed 200 OK in 35ms (Views: 32.9ms | ActiveRecord: 0.0ms)


Started GET "/kitten/1" for 127.0.0.1 at 2017-11-21 14:53:50 -0500
  
SyntaxError (/home/james/Desktop/bitmaker/projects/routing-controllers-intro/app/controllers/pages_controller.rb:17: syntax error, unexpected tIDENTIFIER, expecting keyword_end
size}/#{requested_size}/cats"s
                              ^):
  
app/controllers/pages_controller.rb:17: syntax error, unexpected tIDENTIFIER, expecting keyword_end
  Rendering /home/james/.rbenv/versions/2.4.2/lib/ruby/gems/2.4.0/gems/actionpack-5.0.4/lib/action_dispatch/middleware/templates/rescues/diagnostics.html.erb within rescues/layout
  Rendering /home/james/.rbenv/versions/2.4.2/lib/ruby/gems/2.4.0/gems/actionpack-5.0.4/lib/action_dispatch/middleware/templates/rescues/_source.html.erb
  Rendered /home/james/.rbenv/versions/2.4.2/lib/ruby/gems/2.4.0/gems/actionpack-5.0.4/lib/action_dispatch/middleware/templates/rescues/_source.html.erb (8.7ms)
  Rendering /home/james/.rbenv/versions/2.4.2/lib/ruby/gems/2.4.0/gems/actionpack-5.0.4/lib/action_dispatch/middleware/templates/rescues/_trace.html.erb
  Rendered /home/james/.rbenv/versions/2.4.2/lib/ruby/gems/2.4.0/gems/actionpack-5.0.4/lib/action_dispatch/middleware/templates/rescues/_trace.html.erb (4.3ms)
  Rendering /home/james/.rbenv/versions/2.4.2/lib/ruby/gems/2.4.0/gems/actionpack-5.0.4/lib/action_dispatch/middleware/templates/rescues/_request_and_response.html.erb
  Rendered /home/james/.rbenv/versions/2.4.2/lib/ruby/gems/2.4.0/gems/actionpack-5.0.4/lib/action_dispatch/middleware/templates/rescues/_request_and_response.html.erb (2.8ms)
  Rendered /home/james/.rbenv/versions/2.4.2/lib/ruby/gems/2.4.0/gems/actionpack-5.0.4/lib/action_dispatch/middleware/templates/rescues/diagnostics.html.erb within rescues/layout (45.5ms)
DEPRECATION WARNING: Accessing mime types via constants is deprecated. Please change `Mime::HTML` to `Mime[:html]`. (called from acceptable_content_type? at /home/james/.rbenv/versions/2.4.2/lib/ruby/gems/2.4.0/gems/web-console-2.3.0/lib/web_console/middleware.rb:58)
  Rendering /home/james/.rbenv/versions/2.4.2/lib/ruby/gems/2.4.0/gems/web-console-2.3.0/lib/web_console/templates/index.html.erb
  Rendered /home/james/.rbenv/versions/2.4.2/lib/ruby/gems/2.4.0/gems/web-console-2.3.0/lib/web_console/templates/_markup.html.erb (0.9ms)
  Rendering /home/james/.rbenv/versions/2.4.2/lib/ruby/gems/2.4.0/gems/web-console-2.3.0/lib/web_console/templates/console.js.erb within layouts/javascript
  Rendering /home/james/.rbenv/versions/2.4.2/lib/ruby/gems/2.4.0/gems/web-console-2.3.0/lib/web_console/templates/_inner_console_markup.html.erb within layouts/inlined_string
  Rendered /home/james/.rbenv/versions/2.4.2/lib/ruby/gems/2.4.0/gems/web-console-2.3.0/lib/web_console/templates/_inner_console_markup.html.erb within layouts/inlined_string (0.7ms)
  Rendering /home/james/.rbenv/versions/2.4.2/lib/ruby/gems/2.4.0/gems/web-console-2.3.0/lib/web_console/templates/_prompt_box_markup.html.erb within layouts/inlined_string
  Rendered /home/james/.rbenv/versions/2.4.2/lib/ruby/gems/2.4.0/gems/web-console-2.3.0/lib/web_console/templates/_prompt_box_markup.html.erb within layouts/inlined_string (0.6ms)
  Rendering /home/james/.rbenv/versions/2.4.2/lib/ruby/gems/2.4.0/gems/web-console-2.3.0/lib/web_console/templates/style.css.erb within layouts/inlined_string
  Rendered /home/james/.rbenv/versions/2.4.2/lib/ruby/gems/2.4.0/gems/web-console-2.3.0/lib/web_console/templates/style.css.erb within layouts/inlined_string (0.7ms)
DEPRECATION WARNING: Accessing mime types via constants is deprecated. Please change `Mime::WEB_CONSOLE_V2` to `Mime[:web_console_v2]`. (called from __home_james__rbenv_versions_______lib_ruby_gems_______gems_web_console_______lib_web_console_templates_console_js_erb___801032768526660935_69972215968620 at /home/james/.rbenv/versions/2.4.2/lib/ruby/gems/2.4.0/gems/web-console-2.3.0/lib/web_console/templates/console.js.erb:491)
  Rendered /home/james/.rbenv/versions/2.4.2/lib/ruby/gems/2.4.0/gems/web-console-2.3.0/lib/web_console/templates/console.js.erb within layouts/javascript (35.0ms)
  Rendering /home/james/.rbenv/versions/2.4.2/lib/ruby/gems/2.4.0/gems/web-console-2.3.0/lib/web_console/templates/main.js.erb within layouts/javascript
  Rendered /home/james/.rbenv/versions/2.4.2/lib/ruby/gems/2.4.0/gems/web-console-2.3.0/lib/web_console/templates/main.js.erb within layouts/javascript (0.7ms)
  Rendering /home/james/.rbenv/versions/2.4.2/lib/ruby/gems/2.4.0/gems/web-console-2.3.0/lib/web_console/templates/error_page.js.erb within layouts/javascript
  Rendered /home/james/.rbenv/versions/2.4.2/lib/ruby/gems/2.4.0/gems/web-console-2.3.0/lib/web_console/templates/error_page.js.erb within layouts/javascript (0.6ms)
  Rendered /home/james/.rbenv/versions/2.4.2/lib/ruby/gems/2.4.0/gems/web-console-2.3.0/lib/web_console/templates/index.html.erb (71.7ms)
Started GET "/kitten/1" for 127.0.0.1 at 2017-11-21 14:54:04 -0500
Processing by PagesController#kitten as HTML
  Parameters: {"size"=>"1"}
  Rendering pages/kitten.html.erb within layouts/application
  Rendered pages/kitten.html.erb within layouts/application (1.0ms)
Completed 200 OK in 29ms (Views: 27.2ms | ActiveRecord: 0.0ms)


Started GET "/kitten/400" for 127.0.0.1 at 2017-11-21 14:54:16 -0500
Processing by PagesController#kitten as HTML
  Parameters: {"size"=>"400"}
  Rendering pages/kitten.html.erb within layouts/application
  Rendered pages/kitten.html.erb within layouts/application (0.9ms)
Completed 200 OK in 29ms (Views: 27.4ms | ActiveRecord: 0.0ms)


Started GET "/kitten/400" for 127.0.0.1 at 2017-11-21 14:54:19 -0500
Processing by PagesController#kitten as HTML
  Parameters: {"size"=>"400"}
  Rendering pages/kitten.html.erb within layouts/application
  Rendered pages/kitten.html.erb within layouts/application (0.9ms)
Completed 200 OK in 29ms (Views: 27.4ms | ActiveRecord: 0.0ms)


Started GET "/kitten/400" for 127.0.0.1 at 2017-11-21 14:54:23 -0500
Processing by PagesController#kitten as HTML
  Parameters: {"size"=>"400"}
  Rendering pages/kitten.html.erb within layouts/application
  Rendered pages/kitten.html.erb within layouts/application (0.8ms)
Completed 200 OK in 30ms (Views: 27.9ms | ActiveRecord: 0.0ms)


Started GET "/kitten/400" for 127.0.0.1 at 2017-11-21 14:54:26 -0500
Processing by PagesController#kitten as HTML
  Parameters: {"size"=>"400"}
  Rendering pages/kitten.html.erb within layouts/application
  Rendered pages/kitten.html.erb within layouts/application (1.2ms)
Completed 200 OK in 31ms (Views: 28.5ms | ActiveRecord: 0.0ms)


Started GET "/kitten/400" for 127.0.0.1 at 2017-11-21 14:54:28 -0500
Processing by PagesController#kitten as HTML
  Parameters: {"size"=>"400"}
  Rendering pages/kitten.html.erb within layouts/application
  Rendered pages/kitten.html.erb within layouts/application (1.7ms)
Completed 200 OK in 30ms (Views: 28.0ms | ActiveRecord: 0.0ms)


Started GET "/kitten/500" for 127.0.0.1 at 2017-11-21 14:54:34 -0500
Processing by PagesController#kitten as HTML
  Parameters: {"size"=>"500"}
  Rendering pages/kitten.html.erb within layouts/application
  Rendered pages/kitten.html.erb within layouts/application (1.2ms)
Completed 200 OK in 35ms (Views: 33.0ms | ActiveRecord: 0.0ms)


Started GET "/kitten/500" for 127.0.0.1 at 2017-11-21 14:54:38 -0500
Processing by PagesController#kitten as HTML
  Parameters: {"size"=>"500"}
  Rendering pages/kitten.html.erb within layouts/application
  Rendered pages/kitten.html.erb within layouts/application (0.8ms)
Completed 200 OK in 28ms (Views: 26.2ms | ActiveRecord: 0.0ms)


Started GET "/kitten/500" for 127.0.0.1 at 2017-11-21 14:54:41 -0500
Processing by PagesController#kitten as HTML
  Parameters: {"size"=>"500"}
  Rendering pages/kitten.html.erb within layouts/application
  Rendered pages/kitten.html.erb within layouts/application (1.2ms)
Completed 200 OK in 46ms (Views: 43.3ms | ActiveRecord: 0.0ms)


Started GET "/kittens/500" for 127.0.0.1 at 2017-11-21 14:57:53 -0500
Processing by PagesController#kittens as HTML
  Parameters: {"size"=>"500"}
  Rendering pages/kittens.html.erb within layouts/application
  Rendered pages/kittens.html.erb within layouts/application (1.2ms)
Completed 200 OK in 28ms (Views: 26.2ms | ActiveRecord: 0.0ms)


Started GET "/kittens/500" for 127.0.0.1 at 2017-11-21 14:58:49 -0500
Processing by PagesController#kittens as HTML
  Parameters: {"size"=>"500"}
  Rendering pages/kittens.html.erb within layouts/application
  Rendered pages/kittens.html.erb within layouts/application (1.2ms)
Completed 200 OK in 27ms (Views: 25.1ms | ActiveRecord: 0.0ms)


Started GET "/kittens/500" for 127.0.0.1 at 2017-11-21 14:59:47 -0500
Processing by PagesController#kittens as HTML
  Parameters: {"size"=>"500"}
  Rendering pages/kittens.html.erb within layouts/application
  Rendered pages/kittens.html.erb within layouts/application (1.3ms)
Completed 200 OK in 29ms (Views: 26.8ms | ActiveRecord: 0.0ms)


Started GET "/kittens/500" for 127.0.0.1 at 2017-11-21 15:00:04 -0500
Processing by PagesController#kittens as HTML
  Parameters: {"size"=>"500"}
  Rendering pages/kittens.html.erb within layouts/application
  Rendered pages/kittens.html.erb within layouts/application (1.7ms)
Completed 200 OK in 37ms (Views: 35.1ms | ActiveRecord: 0.0ms)


Started GET "/kittens/500" for 127.0.0.1 at 2017-11-21 15:00:45 -0500
Processing by PagesController#kittens as HTML
  Parameters: {"size"=>"500"}
  Rendering pages/kittens.html.erb within layouts/application
  Rendered pages/kittens.html.erb within layouts/application (1.5ms)
Completed 200 OK in 29ms (Views: 27.1ms | ActiveRecord: 0.0ms)


Started GET "/kittens/" for 127.0.0.1 at 2017-11-21 15:01:07 -0500
  
ActionController::RoutingError (No route matches [GET] "/kittens"):
  
actionpack (5.0.4) lib/action_dispatch/middleware/debug_exceptions.rb:53:in `call'
web-console (2.3.0) lib/web_console/middleware.rb:28:in `block in call'
web-console (2.3.0) lib/web_console/middleware.rb:18:in `catch'
web-console (2.3.0) lib/web_console/middleware.rb:18:in `call'
actionpack (5.0.4) lib/action_dispatch/middleware/show_exceptions.rb:31:in `call'
railties (5.0.4) lib/rails/rack/logger.rb:36:in `call_app'
railties (5.0.4) lib/rails/rack/logger.rb:24:in `block in call'
activesupport (5.0.4) lib/active_support/tagged_logging.rb:69:in `block in tagged'
activesupport (5.0.4) lib/active_support/tagged_logging.rb:26:in `tagged'
activesupport (5.0.4) lib/active_support/tagged_logging.rb:69:in `tagged'
railties (5.0.4) lib/rails/rack/logger.rb:24:in `call'
sprockets-rails (3.2.0) lib/sprockets/rails/quiet_assets.rb:13:in `call'
actionpack (5.0.4) lib/action_dispatch/middleware/request_id.rb:24:in `call'
rack (2.0.3) lib/rack/method_override.rb:22:in `call'
rack (2.0.3) lib/rack/runtime.rb:22:in `call'
activesupport (5.0.4) lib/active_support/cache/strategy/local_cache_middleware.rb:28:in `call'
actionpack (5.0.4) lib/action_dispatch/middleware/executor.rb:12:in `call'
actionpack (5.0.4) lib/action_dispatch/middleware/static.rb:136:in `call'
rack (2.0.3) lib/rack/sendfile.rb:111:in `call'
railties (5.0.4) lib/rails/engine.rb:522:in `call'
rack (2.0.3) lib/rack/handler/webrick.rb:86:in `service'
/home/james/.rbenv/versions/2.4.2/lib/ruby/2.4.0/webrick/httpserver.rb:140:in `service'
/home/james/.rbenv/versions/2.4.2/lib/ruby/2.4.0/webrick/httpserver.rb:96:in `run'
/home/james/.rbenv/versions/2.4.2/lib/ruby/2.4.0/webrick/server.rb:290:in `block in start_thread'
  Rendering /home/james/.rbenv/versions/2.4.2/lib/ruby/gems/2.4.0/gems/actionpack-5.0.4/lib/action_dispatch/middleware/templates/rescues/routing_error.html.erb within rescues/layout
  Rendering /home/james/.rbenv/versions/2.4.2/lib/ruby/gems/2.4.0/gems/actionpack-5.0.4/lib/action_dispatch/middleware/templates/rescues/_trace.html.erb
  Rendered /home/james/.rbenv/versions/2.4.2/lib/ruby/gems/2.4.0/gems/actionpack-5.0.4/lib/action_dispatch/middleware/templates/rescues/_trace.html.erb (3.1ms)
  Rendered collection of /home/james/.rbenv/versions/2.4.2/lib/ruby/gems/2.4.0/gems/actionpack-5.0.4/lib/action_dispatch/middleware/templates/routes/_route.html.erb [6 times] (6.2ms)
  Rendered /home/james/.rbenv/versions/2.4.2/lib/ruby/gems/2.4.0/gems/actionpack-5.0.4/lib/action_dispatch/middleware/templates/routes/_table.html.erb (2.5ms)
  Rendering /home/james/.rbenv/versions/2.4.2/lib/ruby/gems/2.4.0/gems/actionpack-5.0.4/lib/action_dispatch/middleware/templates/rescues/_request_and_response.html.erb
  Rendered /home/james/.rbenv/versions/2.4.2/lib/ruby/gems/2.4.0/gems/actionpack-5.0.4/lib/action_dispatch/middleware/templates/rescues/_request_and_response.html.erb (2.1ms)
  Rendered /home/james/.rbenv/versions/2.4.2/lib/ruby/gems/2.4.0/gems/actionpack-5.0.4/lib/action_dispatch/middleware/templates/rescues/routing_error.html.erb within rescues/layout (52.1ms)
DEPRECATION WARNING: Accessing mime types via constants is deprecated. Please change `Mime::HTML` to `Mime[:html]`. (called from acceptable_content_type? at /home/james/.rbenv/versions/2.4.2/lib/ruby/gems/2.4.0/gems/web-console-2.3.0/lib/web_console/middleware.rb:58)
  Rendering /home/james/.rbenv/versions/2.4.2/lib/ruby/gems/2.4.0/gems/web-console-2.3.0/lib/web_console/templates/index.html.erb
  Rendered /home/james/.rbenv/versions/2.4.2/lib/ruby/gems/2.4.0/gems/web-console-2.3.0/lib/web_console/templates/_markup.html.erb (0.8ms)
  Rendering /home/james/.rbenv/versions/2.4.2/lib/ruby/gems/2.4.0/gems/web-console-2.3.0/lib/web_console/templates/console.js.erb within layouts/javascript
  Rendering /home/james/.rbenv/versions/2.4.2/lib/ruby/gems/2.4.0/gems/web-console-2.3.0/lib/web_console/templates/_inner_console_markup.html.erb within layouts/inlined_string
  Rendered /home/james/.rbenv/versions/2.4.2/lib/ruby/gems/2.4.0/gems/web-console-2.3.0/lib/web_console/templates/_inner_console_markup.html.erb within layouts/inlined_string (0.6ms)
  Rendering /home/james/.rbenv/versions/2.4.2/lib/ruby/gems/2.4.0/gems/web-console-2.3.0/lib/web_console/templates/_prompt_box_markup.html.erb within layouts/inlined_string
  Rendered /home/james/.rbenv/versions/2.4.2/lib/ruby/gems/2.4.0/gems/web-console-2.3.0/lib/web_console/templates/_prompt_box_markup.html.erb within layouts/inlined_string (0.6ms)
  Rendering /home/james/.rbenv/versions/2.4.2/lib/ruby/gems/2.4.0/gems/web-console-2.3.0/lib/web_console/templates/style.css.erb within layouts/inlined_string
  Rendered /home/james/.rbenv/versions/2.4.2/lib/ruby/gems/2.4.0/gems/web-console-2.3.0/lib/web_console/templates/style.css.erb within layouts/inlined_string (0.7ms)
DEPRECATION WARNING: Accessing mime types via constants is deprecated. Please change `Mime::WEB_CONSOLE_V2` to `Mime[:web_console_v2]`. (called from __home_james__rbenv_versions_______lib_ruby_gems_______gems_web_console_______lib_web_console_templates_console_js_erb___801032768526660935_69972214160820 at /home/james/.rbenv/versions/2.4.2/lib/ruby/gems/2.4.0/gems/web-console-2.3.0/lib/web_console/templates/console.js.erb:491)
  Rendered /home/james/.rbenv/versions/2.4.2/lib/ruby/gems/2.4.0/gems/web-console-2.3.0/lib/web_console/templates/console.js.erb within layouts/javascript (34.3ms)
  Rendering /home/james/.rbenv/versions/2.4.2/lib/ruby/gems/2.4.0/gems/web-console-2.3.0/lib/web_console/templates/main.js.erb within layouts/javascript
  Rendered /home/james/.rbenv/versions/2.4.2/lib/ruby/gems/2.4.0/gems/web-console-2.3.0/lib/web_console/templates/main.js.erb within layouts/javascript (0.7ms)
  Rendering /home/james/.rbenv/versions/2.4.2/lib/ruby/gems/2.4.0/gems/web-console-2.3.0/lib/web_console/templates/error_page.js.erb within layouts/javascript
  Rendered /home/james/.rbenv/versions/2.4.2/lib/ruby/gems/2.4.0/gems/web-console-2.3.0/lib/web_console/templates/error_page.js.erb within layouts/javascript (1.1ms)
  Rendered /home/james/.rbenv/versions/2.4.2/lib/ruby/gems/2.4.0/gems/web-console-2.3.0/lib/web_console/templates/index.html.erb (71.2ms)
Started GET "/kittens/50" for 127.0.0.1 at 2017-11-21 15:01:16 -0500
Processing by PagesController#kittens as HTML
  Parameters: {"size"=>"50"}
  Rendering pages/kittens.html.erb within layouts/application
  Rendered pages/kittens.html.erb within layouts/application (3.6ms)
Completed 200 OK in 37ms (Views: 35.4ms | ActiveRecord: 0.0ms)


Started GET "/kittens/50" for 127.0.0.1 at 2017-11-21 15:02:08 -0500
Processing by PagesController#kittens as HTML
  Parameters: {"size"=>"50"}
  Rendering pages/kittens.html.erb within layouts/application
  Rendered pages/kittens.html.erb within layouts/application (2.0ms)
Completed 200 OK in 34ms (Views: 31.8ms | ActiveRecord: 0.0ms)


Started GET "/kitten/50" for 127.0.0.1 at 2017-11-21 15:04:27 -0500
Processing by PagesController#kitten as HTML
  Parameters: {"size"=>"50"}
  Rendering pages/kitten.html.erb within layouts/application
  Rendered pages/kitten.html.erb within layouts/application (1.0ms)
Completed 200 OK in 27ms (Views: 25.5ms | ActiveRecord: 0.0ms)


Started GET "/kitten/501" for 127.0.0.1 at 2017-11-21 15:04:31 -0500
Processing by PagesController#kitten as HTML
  Parameters: {"size"=>"501"}
  Rendering pages/kitten.html.erb within layouts/application
  Rendered pages/kitten.html.erb within layouts/application (1.2ms)
Completed 200 OK in 33ms (Views: 30.4ms | ActiveRecord: 0.0ms)


Started GET "/contest" for 127.0.0.1 at 2017-11-21 15:09:42 -0500
Processing by PagesController#contest as HTML
Redirected to http://localhost:3000/welcome
Completed 302 Found in 1ms (ActiveRecord: 0.0ms)


Started GET "/welcome" for 127.0.0.1 at 2017-11-21 15:09:42 -0500
Processing by PagesController#welcome as HTML
  Rendering pages/welcome.html.erb within layouts/application
  Rendered pages/welcome.html.erb within layouts/application (0.8ms)
Completed 200 OK in 41ms (Views: 39.2ms | ActiveRecord: 0.0ms)


Started GET "/contest" for 127.0.0.1 at 2017-11-21 15:11:05 -0500
Processing by PagesController#contest as HTML
Redirected to http://localhost:3000/welcome
Completed 302 Found in 2ms (ActiveRecord: 0.0ms)


Started GET "/welcome" for 127.0.0.1 at 2017-11-21 15:11:05 -0500
Processing by PagesController#welcome as HTML
  Rendering pages/welcome.html.erb within layouts/application
  Rendered pages/welcome.html.erb within layouts/application (0.7ms)
Completed 200 OK in 27ms (Views: 26.2ms | ActiveRecord: 0.0ms)


Started GET "/welcome" for 127.0.0.1 at 2017-11-21 15:11:07 -0500
Processing by PagesController#welcome as HTML
  Rendering pages/welcome.html.erb within layouts/application
  Rendered pages/welcome.html.erb within layouts/application (0.7ms)
Completed 200 OK in 35ms (Views: 33.0ms | ActiveRecord: 0.0ms)


Started GET "/secrets/1" for 127.0.0.1 at 2017-11-21 15:12:28 -0500
Processing by PagesController#secrets as HTML
  Parameters: {"magic_word"=>"1"}
  Rendering pages/secrets.html.erb within layouts/application
  Rendered pages/secrets.html.erb within layouts/application (0.7ms)
Completed 200 OK in 26ms (Views: 24.6ms | ActiveRecord: 0.0ms)


Started GET "/secrets/1" for 127.0.0.1 at 2017-11-21 15:13:53 -0500
Processing by PagesController#secrets as HTML
  Parameters: {"magic_word"=>"1"}
Completed 500 Internal Server Error in 17ms (ActiveRecord: 0.0ms)


  
NameError (undefined local variable or method `goober' for #<PagesController:0x00007f475a4e4190>):
  
app/controllers/pages_controller.rb:30:in `secrets'
  Rendering /home/james/.rbenv/versions/2.4.2/lib/ruby/gems/2.4.0/gems/actionpack-5.0.4/lib/action_dispatch/middleware/templates/rescues/diagnostics.html.erb within rescues/layout
  Rendering /home/james/.rbenv/versions/2.4.2/lib/ruby/gems/2.4.0/gems/actionpack-5.0.4/lib/action_dispatch/middleware/templates/rescues/_source.html.erb
  Rendered /home/james/.rbenv/versions/2.4.2/lib/ruby/gems/2.4.0/gems/actionpack-5.0.4/lib/action_dispatch/middleware/templates/rescues/_source.html.erb (8.8ms)
  Rendering /home/james/.rbenv/versions/2.4.2/lib/ruby/gems/2.4.0/gems/actionpack-5.0.4/lib/action_dispatch/middleware/templates/rescues/_trace.html.erb
  Rendered /home/james/.rbenv/versions/2.4.2/lib/ruby/gems/2.4.0/gems/actionpack-5.0.4/lib/action_dispatch/middleware/templates/rescues/_trace.html.erb (3.8ms)
  Rendering /home/james/.rbenv/versions/2.4.2/lib/ruby/gems/2.4.0/gems/actionpack-5.0.4/lib/action_dispatch/middleware/templates/rescues/_request_and_response.html.erb
  Rendered /home/james/.rbenv/versions/2.4.2/lib/ruby/gems/2.4.0/gems/actionpack-5.0.4/lib/action_dispatch/middleware/templates/rescues/_request_and_response.html.erb (2.0ms)
  Rendered /home/james/.rbenv/versions/2.4.2/lib/ruby/gems/2.4.0/gems/actionpack-5.0.4/lib/action_dispatch/middleware/templates/rescues/diagnostics.html.erb within rescues/layout (45.8ms)
DEPRECATION WARNING: Accessing mime types via constants is deprecated. Please change `Mime::HTML` to `Mime[:html]`. (called from acceptable_content_type? at /home/james/.rbenv/versions/2.4.2/lib/ruby/gems/2.4.0/gems/web-console-2.3.0/lib/web_console/middleware.rb:58)
  Rendering /home/james/.rbenv/versions/2.4.2/lib/ruby/gems/2.4.0/gems/web-console-2.3.0/lib/web_console/templates/index.html.erb
  Rendered /home/james/.rbenv/versions/2.4.2/lib/ruby/gems/2.4.0/gems/web-console-2.3.0/lib/web_console/templates/_markup.html.erb (0.9ms)
  Rendering /home/james/.rbenv/versions/2.4.2/lib/ruby/gems/2.4.0/gems/web-console-2.3.0/lib/web_console/templates/console.js.erb within layouts/javascript
  Rendering /home/james/.rbenv/versions/2.4.2/lib/ruby/gems/2.4.0/gems/web-console-2.3.0/lib/web_console/templates/_inner_console_markup.html.erb within layouts/inlined_string
  Rendered /home/james/.rbenv/versions/2.4.2/lib/ruby/gems/2.4.0/gems/web-console-2.3.0/lib/web_console/templates/_inner_console_markup.html.erb within layouts/inlined_string (0.7ms)
  Rendering /home/james/.rbenv/versions/2.4.2/lib/ruby/gems/2.4.0/gems/web-console-2.3.0/lib/web_console/templates/_prompt_box_markup.html.erb within layouts/inlined_string
  Rendered /home/james/.rbenv/versions/2.4.2/lib/ruby/gems/2.4.0/gems/web-console-2.3.0/lib/web_console/templates/_prompt_box_markup.html.erb within layouts/inlined_string (0.8ms)
  Rendering /home/james/.rbenv/versions/2.4.2/lib/ruby/gems/2.4.0/gems/web-console-2.3.0/lib/web_console/templates/style.css.erb within layouts/inlined_string
  Rendered /home/james/.rbenv/versions/2.4.2/lib/ruby/gems/2.4.0/gems/web-console-2.3.0/lib/web_console/templates/style.css.erb within layouts/inlined_string (0.7ms)
DEPRECATION WARNING: Accessing mime types via constants is deprecated. Please change `Mime::WEB_CONSOLE_V2` to `Mime[:web_console_v2]`. (called from __home_james__rbenv_versions_______lib_ruby_gems_______gems_web_console_______lib_web_console_templates_console_js_erb___801032768526660935_69972214986480 at /home/james/.rbenv/versions/2.4.2/lib/ruby/gems/2.4.0/gems/web-console-2.3.0/lib/web_console/templates/console.js.erb:491)
  Rendered /home/james/.rbenv/versions/2.4.2/lib/ruby/gems/2.4.0/gems/web-console-2.3.0/lib/web_console/templates/console.js.erb within layouts/javascript (36.0ms)
  Rendering /home/james/.rbenv/versions/2.4.2/lib/ruby/gems/2.4.0/gems/web-console-2.3.0/lib/web_console/templates/main.js.erb within layouts/javascript
  Rendered /home/james/.rbenv/versions/2.4.2/lib/ruby/gems/2.4.0/gems/web-console-2.3.0/lib/web_console/templates/main.js.erb within layouts/javascript (0.6ms)
  Rendering /home/james/.rbenv/versions/2.4.2/lib/ruby/gems/2.4.0/gems/web-console-2.3.0/lib/web_console/templates/error_page.js.erb within layouts/javascript
  Rendered /home/james/.rbenv/versions/2.4.2/lib/ruby/gems/2.4.0/gems/web-console-2.3.0/lib/web_console/templates/error_page.js.erb within layouts/javascript (0.8ms)
  Rendered /home/james/.rbenv/versions/2.4.2/lib/ruby/gems/2.4.0/gems/web-console-2.3.0/lib/web_console/templates/index.html.erb (71.6ms)
Started GET "/secrets/1" for 127.0.0.1 at 2017-11-21 15:14:09 -0500
Processing by PagesController#secrets as HTML
  Parameters: {"magic_word"=>"1"}
Redirected to http://localhost:3000/welcome
Completed 302 Found in 2ms (ActiveRecord: 0.0ms)


Started GET "/welcome" for 127.0.0.1 at 2017-11-21 15:14:09 -0500
Processing by PagesController#welcome as HTML
  Rendering pages/welcome.html.erb within layouts/application
  Rendered pages/welcome.html.erb within layouts/application (0.9ms)
Completed 200 OK in 31ms (Views: 29.1ms | ActiveRecord: 0.0ms)


Started GET "/secrets/goober" for 127.0.0.1 at 2017-11-21 15:14:20 -0500
Processing by PagesController#secrets as HTML
  Parameters: {"magic_word"=>"goober"}
  Rendering pages/secrets.html.erb within layouts/application
  Rendered pages/secrets.html.erb within layouts/application (0.9ms)
Completed 200 OK in 37ms (Views: 35.2ms | ActiveRecord: 0.0ms)


Started GET "/contest" for 127.0.0.1 at 2017-11-21 15:27:51 -0500
Processing by PagesController#contest as HTML
Redirected to http://localhost:3000welcome_path
Completed 302 Found in 1ms (ActiveRecord: 0.0ms)


Started GET "/contest" for 127.0.0.1 at 2017-11-21 15:27:51 -0500
Processing by PagesController#contest as HTML
Redirected to http://localhost:3000welcome_path
Completed 302 Found in 2ms (ActiveRecord: 0.0ms)


Started GET "/contest" for 127.0.0.1 at 2017-11-21 15:27:51 -0500
Processing by PagesController#contest as HTML
Redirected to http://localhost:3000welcome_path
Completed 302 Found in 1ms (ActiveRecord: 0.0ms)


Started GET "/contest" for 127.0.0.1 at 2017-11-21 15:27:51 -0500
Processing by PagesController#contest as HTML
Redirected to http://localhost:3000welcome_path
Completed 302 Found in 1ms (ActiveRecord: 0.0ms)


Started GET "/contest" for 127.0.0.1 at 2017-11-21 15:27:51 -0500
Processing by PagesController#contest as HTML
Redirected to http://localhost:3000welcome_path
Completed 302 Found in 1ms (ActiveRecord: 0.0ms)


Started GET "/contest" for 127.0.0.1 at 2017-11-21 15:27:51 -0500
Processing by PagesController#contest as HTML
Redirected to http://localhost:3000welcome_path
Completed 302 Found in 2ms (ActiveRecord: 0.0ms)


Started GET "/contest" for 127.0.0.1 at 2017-11-21 15:27:52 -0500
Processing by PagesController#contest as HTML
Redirected to http://localhost:3000welcome_path
Completed 302 Found in 2ms (ActiveRecord: 0.0ms)


Started GET "/contest" for 127.0.0.1 at 2017-11-21 15:27:57 -0500
Processing by PagesController#contest as HTML
Redirected to http://localhost:3000welcome_path
Completed 302 Found in 2ms (ActiveRecord: 0.0ms)


Started GET "/contest" for 127.0.0.1 at 2017-11-21 15:28:09 -0500
Processing by PagesController#contest as HTML
Redirected to http://localhost:3000welcome_path
Completed 302 Found in 26ms (ActiveRecord: 0.0ms)


Started GET "/contest" for 127.0.0.1 at 2017-11-21 15:28:09 -0500
Processing by PagesController#contest as HTML
Redirected to http://localhost:3000welcome_path
Completed 302 Found in 2ms (ActiveRecord: 0.0ms)


Started GET "/contest" for 127.0.0.1 at 2017-11-21 15:28:09 -0500
Processing by PagesController#contest as HTML
Redirected to http://localhost:3000welcome_path
Completed 302 Found in 2ms (ActiveRecord: 0.0ms)


Started GET "/contest" for 127.0.0.1 at 2017-11-21 15:28:09 -0500
Processing by PagesController#contest as HTML
Redirected to http://localhost:3000welcome_path
Completed 302 Found in 2ms (ActiveRecord: 0.0ms)


Started GET "/contest" for 127.0.0.1 at 2017-11-21 15:28:09 -0500
Processing by PagesController#contest as HTML
Redirected to http://localhost:3000welcome_path
Completed 302 Found in 2ms (ActiveRecord: 0.0ms)


Started GET "/contest" for 127.0.0.1 at 2017-11-21 15:28:44 -0500
Processing by PagesController#contest as HTML
Redirected to http://localhost:3000welcome_path
Completed 302 Found in 1ms (ActiveRecord: 0.0ms)


Started GET "/contest" for 127.0.0.1 at 2017-11-21 15:28:44 -0500
Processing by PagesController#contest as HTML
Redirected to http://localhost:3000welcome_path
Completed 302 Found in 2ms (ActiveRecord: 0.0ms)


Started GET "/contest" for 127.0.0.1 at 2017-11-21 15:28:44 -0500
Processing by PagesController#contest as HTML
Redirected to http://localhost:3000welcome_path
Completed 302 Found in 2ms (ActiveRecord: 0.0ms)


Started GET "/contest" for 127.0.0.1 at 2017-11-21 15:28:44 -0500
Processing by PagesController#contest as HTML
Redirected to http://localhost:3000welcome_path
Completed 302 Found in 1ms (ActiveRecord: 0.0ms)


Started GET "/" for 127.0.0.1 at 2017-11-21 15:28:50 -0500
Processing by PagesController#welcome as HTML
  Rendering pages/welcome.html.erb within layouts/application
  Rendered pages/welcome.html.erb within layouts/application (2.1ms)
Completed 200 OK in 334ms (Views: 332.1ms | ActiveRecord: 0.0ms)


Started GET "/contest" for 127.0.0.1 at 2017-11-21 15:35:11 -0500
Processing by PagesController#contest as HTML
Redirected to http://localhost:3000/welcome
Completed 302 Found in 2ms (ActiveRecord: 0.0ms)


Started GET "/welcome" for 127.0.0.1 at 2017-11-21 15:35:11 -0500
Processing by PagesController#welcome as HTML
  Rendering pages/welcome.html.erb within layouts/application
  Rendered pages/welcome.html.erb within layouts/application (1.0ms)
Completed 200 OK in 36ms (Views: 34.2ms | ActiveRecord: 0.0ms)


Started GET "/welcome" for 127.0.0.1 at 2017-11-21 15:36:33 -0500
Processing by PagesController#welcome as HTML
  Rendering pages/welcome.html.erb within layouts/application
  Rendered pages/welcome.html.erb within layouts/application (3.2ms)
Completed 200 OK in 67ms (Views: 65.6ms | ActiveRecord: 0.0ms)


Started GET "/welcome" for 127.0.0.1 at 2017-11-21 15:36:56 -0500
Processing by PagesController#welcome as HTML
  Rendering pages/welcome.html.erb within layouts/application
  Rendered pages/welcome.html.erb within layouts/application (2.7ms)
Completed 200 OK in 66ms (Views: 62.5ms | ActiveRecord: 0.0ms)


Started GET "/welcome" for 127.0.0.1 at 2017-11-21 15:47:36 -0500
Processing by PagesController#welcome as HTML
  Rendering pages/welcome.html.erb within layouts/application
  Rendered pages/welcome.html.erb within layouts/application (1.1ms)
Completed 200 OK in 32ms (Views: 30.2ms | ActiveRecord: 0.0ms)


Started GET "/welcome" for 127.0.0.1 at 2017-11-21 15:47:44 -0500
Processing by PagesController#welcome as HTML
  Rendering pages/welcome.html.erb within layouts/application
  Rendered pages/welcome.html.erb within layouts/application (0.9ms)
Completed 200 OK in 34ms (Views: 32.8ms | ActiveRecord: 0.0ms)


Started GET "/contest" for 127.0.0.1 at 2017-11-21 15:48:23 -0500
Processing by PagesController#contest as HTML
Redirected to http://localhost:3000/welcome
Completed 302 Found in 2ms (ActiveRecord: 0.0ms)


Started GET "/welcome" for 127.0.0.1 at 2017-11-21 15:48:23 -0500
Processing by PagesController#welcome as HTML
  Rendering pages/welcome.html.erb within layouts/application
  Rendered pages/welcome.html.erb within layouts/application (0.9ms)
Completed 200 OK in 26ms (Views: 24.0ms | ActiveRecord: 0.0ms)


Started GET "/secrets/1" for 127.0.0.1 at 2017-11-21 15:48:29 -0500
Processing by PagesController#secrets as HTML
  Parameters: {"magic_word"=>"1"}
Redirected to http://localhost:3000/welcome
Completed 302 Found in 4ms (ActiveRecord: 0.0ms)


Started GET "/welcome" for 127.0.0.1 at 2017-11-21 15:48:29 -0500
Processing by PagesController#welcome as HTML
  Rendering pages/welcome.html.erb within layouts/application
  Rendered pages/welcome.html.erb within layouts/application (0.7ms)
Completed 200 OK in 27ms (Views: 24.6ms | ActiveRecord: 0.0ms)


