  [1m[35m (0.3ms)[0m  [1m[34mSELECT sqlite_version(*)[0m
  [1m[35m (132.1ms)[0m  [1m[35mCREATE TABLE "schema_migrations" ("version" varchar NOT NULL PRIMARY KEY)[0m
  [1m[35m (236.1ms)[0m  [1m[35mCREATE TABLE "ar_internal_metadata" ("key" varchar NOT NULL PRIMARY KEY, "value" varchar, "created_at" datetime NOT NULL, "updated_at" datetime NOT NULL)[0m
  [1m[35m (0.4ms)[0m  [1m[34mSELECT "schema_migrations"."version" FROM "schema_migrations" ORDER BY "schema_migrations"."version" ASC[0m
Migrating to CreateCustomers (20171127200855)
  [1m[35m (0.1ms)[0m  [1m[36mbegin transaction[0m
  [1m[35m (1.0ms)[0m  [1m[35mCREATE TABLE "customers" ("id" INTEGER PRIMARY KEY AUTOINCREMENT NOT NULL, "name" varchar, "address" varchar, "email" varchar, "created_at" datetime NOT NULL, "updated_at" datetime NOT NULL)[0m
  [1m[35mSQL (1.6ms)[0m  [1m[32mINSERT INTO "schema_migrations" ("version") VALUES (?)[0m  [["version", "20171127200855"]]
  [1m[35m (134.0ms)[0m  [1m[36mcommit transaction[0m
Migrating to CreateOrders (20171127201006)
  [1m[35m (0.2ms)[0m  [1m[36mbegin transaction[0m
  [1m[35m (1.3ms)[0m  [1m[35mCREATE TABLE "orders" ("id" INTEGER PRIMARY KEY AUTOINCREMENT NOT NULL, "customer_id" integer, "date" varchar, "created_at" datetime NOT NULL, "updated_at" datetime NOT NULL)[0m
  [1m[35mSQL (0.6ms)[0m  [1m[32mINSERT INTO "schema_migrations" ("version") VALUES (?)[0m  [["version", "20171127201006"]]
  [1m[35m (168.3ms)[0m  [1m[36mcommit transaction[0m
  [1m[36mActiveRecord::InternalMetadata Load (0.4ms)[0m  [1m[34mSELECT  "ar_internal_metadata".* FROM "ar_internal_metadata" WHERE "ar_internal_metadata"."key" = ? LIMIT ?[0m  [["key", "environment"], ["LIMIT", 1]]
  [1m[35m (0.3ms)[0m  [1m[36mbegin transaction[0m
  [1m[35mSQL (2.5ms)[0m  [1m[32mINSERT INTO "ar_internal_metadata" ("key", "value", "created_at", "updated_at") VALUES (?, ?, ?, ?)[0m  [["key", "environment"], ["value", "development"], ["created_at", "2017-11-27 20:10:40.972870"], ["updated_at", "2017-11-27 20:10:40.972870"]]
  [1m[35m (92.9ms)[0m  [1m[36mcommit transaction[0m
  [1m[35m (0.7ms)[0m  [1m[34mSELECT "schema_migrations"."version" FROM "schema_migrations" ORDER BY "schema_migrations"."version" ASC[0m
  [1m[35m (0.1ms)[0m  [1m[36mbegin transaction[0m
  [1m[35mSQL (1.2ms)[0m  [1m[32mINSERT INTO "customers" ("name", "address", "email", "created_at", "updated_at") VALUES (?, ?, ?, ?, ?)[0m  [["name", "Omair"], ["address", "123 Fake Street"], ["email", "iamomair@hotmail.come"], ["created_at", "2017-11-27 20:17:58.489327"], ["updated_at", "2017-11-27 20:17:58.489327"]]
  [1m[35m (131.3ms)[0m  [1m[36mcommit transaction[0m
  [1m[36mCustomer Load (0.7ms)[0m  [1m[34mSELECT  "customers".* FROM "customers" WHERE "customers"."name" = ? LIMIT ?[0m  [["name", "Omair"], ["LIMIT", 11]]
  [1m[35m (0.2ms)[0m  [1m[36mbegin transaction[0m
  [1m[35mSQL (1.1ms)[0m  [1m[32mINSERT INTO "orders" ("date", "created_at", "updated_at") VALUES (?, ?, ?)[0m  [["date", "Nov. 27th, 2017"], ["created_at", "2017-11-27 20:19:16.084528"], ["updated_at", "2017-11-27 20:19:16.084528"]]
  [1m[35m (109.8ms)[0m  [1m[36mcommit transaction[0m
  [1m[36mOrder Load (0.6ms)[0m  [1m[34mSELECT  "orders".* FROM "orders" WHERE "orders"."date" = ? LIMIT ?[0m  [["date", "Nov. 27th, 2017"], ["LIMIT", 11]]
  [1m[36mCustomer Load (0.6ms)[0m  [1m[34mSELECT  "customers".* FROM "customers" ORDER BY "customers"."id" DESC LIMIT ?[0m  [["LIMIT", 1]]
  [1m[36mOrder Load (0.3ms)[0m  [1m[34mSELECT  "orders".* FROM "orders" ORDER BY "orders"."id" DESC LIMIT ?[0m  [["LIMIT", 1]]
  [1m[36mCustomer Load (0.6ms)[0m  [1m[34mSELECT  "customers".* FROM "customers" ORDER BY "customers"."id" DESC LIMIT ?[0m  [["LIMIT", 1]]
  [1m[36mOrder Load (0.3ms)[0m  [1m[34mSELECT  "orders".* FROM "orders" ORDER BY "orders"."id" DESC LIMIT ?[0m  [["LIMIT", 1]]
  [1m[36mCustomer Load (2.3ms)[0m  [1m[34mSELECT  "customers".* FROM "customers" LIMIT ?[0m  [["LIMIT", 11]]
  [1m[36mCustomer Load (0.8ms)[0m  [1m[34mSELECT "customers".* FROM "customers"[0m
  [1m[36mOrder Load (0.2ms)[0m  [1m[34mSELECT  "orders".* FROM "orders" ORDER BY "orders"."id" DESC LIMIT ?[0m  [["LIMIT", 1]]
  [1m[35m (0.2ms)[0m  [1m[36mbegin transaction[0m
  [1m[35mSQL (1.1ms)[0m  [1m[33mUPDATE "orders" SET "customer_id" = ?, "updated_at" = ? WHERE "orders"."id" = ?[0m  [["customer_id", 1], ["updated_at", "2017-11-27 20:30:19.386048"], ["id", 1]]
  [1m[35m (117.2ms)[0m  [1m[36mcommit transaction[0m
  [1m[36mOrder Load (0.6ms)[0m  [1m[34mSELECT  "orders".* FROM "orders" WHERE "orders"."customer_id" = ? LIMIT ?[0m  [["customer_id", 1], ["LIMIT", 11]]
  [1m[36mCustomer Load (0.4ms)[0m  [1m[34mSELECT  "customers".* FROM "customers" LIMIT ?[0m  [["LIMIT", 11]]
  [1m[36mCustomer Load (0.4ms)[0m  [1m[34mSELECT "customers".* FROM "customers"[0m
  [1m[36mOrder Load (0.5ms)[0m  [1m[34mSELECT "orders".* FROM "orders"[0m
  [1m[35m (0.2ms)[0m  [1m[36mbegin transaction[0m
  [1m[35m (0.2ms)[0m  [1m[36mcommit transaction[0m
  [1m[36mOrder Load (0.3ms)[0m  [1m[34mSELECT  "orders".* FROM "orders" WHERE "orders"."customer_id" = ? LIMIT ?[0m  [["customer_id", 1], ["LIMIT", 11]]
  [1m[36mCustomer Load (0.4ms)[0m  [1m[34mSELECT "customers".* FROM "customers"[0m
  [1m[36mOrder Load (0.3ms)[0m  [1m[34mSELECT  "orders".* FROM "orders" WHERE "orders"."customer_id" = ? LIMIT ?[0m  [["customer_id", 1], ["LIMIT", 11]]
  [1m[36mCustomer Load (0.6ms)[0m  [1m[34mSELECT "customers".* FROM "customers"[0m
  [1m[36mOrder Load (0.3ms)[0m  [1m[34mSELECT  "orders".* FROM "orders" WHERE "orders"."customer_id" = ? LIMIT ?[0m  [["customer_id", 1], ["LIMIT", 11]]
