  [1m[36mAlbum Load (1.1ms)[0m  [1m[34mSELECT  "albums".* FROM "albums" LIMIT $1[0m  [["LIMIT", 11]]
  [1m[36mAlbum Load (1.8ms)[0m  [1m[34mSELECT  "albums".* FROM "albums" WHERE (queen) LIMIT $1[0m  [["LIMIT", 11]]
  [1m[36mAlbum Load (1.8ms)[0m  [1m[34mSELECT  "albums".* FROM "albums" WHERE (name='Queen') LIMIT $1[0m  [["LIMIT", 11]]
  [1m[36mArtist Load (0.7ms)[0m  [1m[34mSELECT  "artists".* FROM "artists" LIMIT $1[0m  [["LIMIT", 11]]
  [1m[36mArtist Load (0.9ms)[0m  [1m[34mSELECT  "artists".* FROM "artists" WHERE "artists"."name" = $1 LIMIT $2[0m  [["name", "Queen"], ["LIMIT", 11]]
  [1m[36mAlbum Load (1.0ms)[0m  [1m[34mSELECT  "albums".* FROM "albums" WHERE "albums"."artist_id" = $1 LIMIT $2[0m  [["artist_id", 51], ["LIMIT", 11]]
  [1m[36mTrack Load (1.3ms)[0m  [1m[34mSELECT  "tracks".* FROM "tracks" LIMIT $1[0m  [["LIMIT", 11]]
  [1m[36mMediaType Load (0.9ms)[0m  [1m[34mSELECT  "media_types".* FROM "media_types" LIMIT $1[0m  [["LIMIT", 11]]
  [1m[36mTrack Load (2.2ms)[0m  [1m[34mSELECT  "tracks".* FROM "tracks" WHERE "tracks"."media_type_id" = $1 LIMIT $2[0m  [["media_type_id", 3], ["LIMIT", 11]]
  [1m[35m (3.0ms)[0m  [1m[34mSELECT COUNT(*) FROM "tracks" WHERE "tracks"."media_type_id" = $1[0m  [["media_type_id", 3]]
  [1m[36mGenre Load (0.7ms)[0m  [1m[34mSELECT  "genres".* FROM "genres" LIMIT $1[0m  [["LIMIT", 11]]
  [1m[36mGenre Load (0.7ms)[0m  [1m[34mSELECT  "genres".* FROM "genres" WHERE "genres"."name" = $1 LIMIT $2[0m  [["name", "Hip Hop/Rap"], ["LIMIT", 11]]
  [1m[36mTrack Load (1.8ms)[0m  [1m[34mSELECT  "tracks".* FROM "tracks" WHERE "tracks"."genre_id" = $1 LIMIT $2[0m  [["genre_id", 17], ["LIMIT", 11]]
  [1m[35m (12.5ms)[0m  [1m[34mSELECT SUM("tracks"."milliseconds") FROM "tracks"[0m
  [1m[35m (3.2ms)[0m  [1m[34mSELECT COUNT(*) FROM "tracks" WHERE "tracks"."media_type_id" = $1[0m  [["media_type_id", 3]]
  [1m[36mMediaType Load (0.6ms)[0m  [1m[34mSELECT  "media_types".* FROM "media_types" WHERE "media_types"."name" = $1 LIMIT $2[0m  [["name", "MPEG audio file"], ["LIMIT", 11]]
  [1m[36mTrack Load (4.6ms)[0m  [1m[34mSELECT  "tracks".* FROM "tracks" WHERE "tracks"."media_type_id" = $1 ORDER BY "tracks"."unit_price" DESC LIMIT $2[0m  [["media_type_id", 1], ["LIMIT", 11]]
  [1m[36mTrack Load (3.9ms)[0m  [1m[34mSELECT  "tracks".* FROM "tracks" WHERE "tracks"."media_type_id" = $1 ORDER BY "tracks"."unit_price" ASC LIMIT $2[0m  [["media_type_id", 1], ["LIMIT", 11]]
  [1m[36mTrack Load (1.3ms)[0m  [1m[34mSELECT  "tracks".* FROM "tracks" WHERE "tracks"."media_type_id" = $1 AND (:unit_price > 0.99) LIMIT $2[0m  [["media_type_id", 1], ["LIMIT", 11]]
  [1m[36mTrack Load (16.2ms)[0m  [1m[34mSELECT  "tracks".* FROM "tracks" WHERE "tracks"."media_type_id" = $1 AND (unit_price > 0.99) LIMIT $2[0m  [["media_type_id", 1], ["LIMIT", 11]]
  [1m[36mTrack Load (5.3ms)[0m  [1m[34mSELECT  "tracks".* FROM "tracks" WHERE "tracks"."media_type_id" = $1 ORDER BY "tracks"."unit_price" DESC LIMIT $2[0m  [["media_type_id", 1], ["LIMIT", 11]]
  [1m[35m (5.8ms)[0m  [1m[34mSELECT MAX("tracks"."unit_price") FROM "tracks" WHERE "tracks"."media_type_id" = $1[0m  [["media_type_id", 1]]
  [1m[36mAlbum Load (4.5ms)[0m  [1m[34mSELECT "albums".* FROM "albums"[0m
  [1m[36mAlbum Load (4.7ms)[0m  [1m[34mSELECT "albums".* FROM "albums"[0m
  [1m[36mAlbum Load (4.1ms)[0m  [1m[34mSELECT "albums".* FROM "albums"[0m
  [1m[36mTrack Load (27.8ms)[0m  [1m[34mSELECT "tracks".* FROM "tracks"[0m
  [1m[35m (7.8ms)[0m  [1m[34mSELECT MAX("tracks"."unit_price") FROM "tracks" WHERE "tracks"."media_type_id" = $1[0m  [["media_type_id", 1]]
  [1m[35m (7.7ms)[0m  [1m[34mSELECT MAX("tracks"."unit_price") FROM "tracks" WHERE "tracks"."media_type_id" = $1[0m  [["media_type_id", 1]]
  [1m[36mTrack Load (5.2ms)[0m  [1m[34mSELECT  "tracks".* FROM "tracks" WHERE "tracks"."media_type_id" = $1 ORDER BY "tracks"."unit_price" DESC LIMIT $2[0m  [["media_type_id", 1], ["LIMIT", 11]]
  [1m[36mTrack Load (29.8ms)[0m  [1m[34mSELECT "tracks".* FROM "tracks" WHERE "tracks"."media_type_id" = $1 ORDER BY "tracks"."unit_price" DESC[0m  [["media_type_id", 1]]
  [1m[36mTrack Load (28.5ms)[0m  [1m[34mSELECT "tracks".* FROM "tracks" WHERE "tracks"."media_type_id" = $1 ORDER BY "tracks"."unit_price" DESC[0m  [["media_type_id", 1]]
  [1m[36mArtist Load (3.6ms)[0m  [1m[34mSELECT "artists".* FROM "artists"[0m
  [1m[35m (17.8ms)[0m  [1m[34mSELECT MIN("artists"."created_at") FROM "artists"[0m
  [1m[35m (1.3ms)[0m  [1m[34mSELECT MIN("artists"."created_at") FROM "artists"[0m
  [1m[36mArtist Load (1.1ms)[0m  [1m[34mSELECT  "artists".* FROM "artists" ORDER BY "artists"."created_at" ASC LIMIT $1[0m  [["LIMIT", 11]]
  [1m[36mArtist Load (3.9ms)[0m  [1m[34mSELECT "artists".* FROM "artists" ORDER BY "artists"."created_at" ASC[0m
  [1m[36mGenre Load (0.7ms)[0m  [1m[34mSELECT  "genres".* FROM "genres" LIMIT $1[0m  [["LIMIT", 11]]
  [1m[36mArtist Load (63.3ms)[0m  [1m[34mSELECT  "artists".* FROM "artists" WHERE "artists"."name" = $1 LIMIT $2[0m  [["name", "Queen"], ["LIMIT", 11]]
  [1m[36mArtist Load (0.7ms)[0m  [1m[34mSELECT "artists".* FROM "artists" WHERE "artists"."name" = $1[0m  [["name", "Queen"]]
  [1m[36mArtist Load (1.0ms)[0m  [1m[34mSELECT  "artists".* FROM "artists" WHERE "artists"."name" = $1 LIMIT $2[0m  [["name", "Queen"], ["LIMIT", 11]]
  [1m[36mArtist Load (1.2ms)[0m  [1m[34mSELECT  "artists".* FROM "artists" WHERE "artists"."name" = $1 LIMIT $2[0m  [["name", "Queen"], ["LIMIT", 11]]
  [1m[36mArtist Load (1.1ms)[0m  [1m[34mSELECT  "artists".* FROM "artists" WHERE "artists"."name" = $1 LIMIT $2[0m  [["name", "Queen"], ["LIMIT", 11]]
  [1m[35m (0.8ms)[0m  [1m[34mSELECT "artists"."id" FROM "artists" WHERE "artists"."name" = $1[0m  [["name", "Queen"]]
  [1m[36mArtist Load (0.8ms)[0m  [1m[34mSELECT  "artists".* FROM "artists" WHERE "artists"."name" = $1 LIMIT $2[0m  [["name", "Queen"], ["LIMIT", 11]]
  [1m[36mArtist Load (0.8ms)[0m  [1m[34mSELECT "artists".* FROM "artists" WHERE "artists"."name" = $1[0m  [["name", "Queen"]]
  [1m[36mArtist Load (1.1ms)[0m  [1m[34mSELECT "artists".* FROM "artists" WHERE "artists"."name" = $1[0m  [["name", "Queen"]]
  [1m[36mArtist Load (0.8ms)[0m  [1m[34mSELECT "artists".* FROM "artists" WHERE "artists"."name" = $1[0m  [["name", "Queen"]]
  [1m[36mAlbum Load (73.9ms)[0m  [1m[34mSELECT  "albums".* FROM "albums" WHERE "albums"."artist_id" = $1 LIMIT $2[0m  [["artist_id", 51], ["LIMIT", 11]]
  [1m[36mArtist Load (1.1ms)[0m  [1m[34mSELECT "artists".* FROM "artists" WHERE "artists"."name" = $1[0m  [["name", "Queen"]]
  [1m[36mAlbum Load (1.0ms)[0m  [1m[34mSELECT  "albums".* FROM "albums" WHERE "albums"."artist_id" = $1 LIMIT $2[0m  [["artist_id", 51], ["LIMIT", 11]]
  [1m[36mMediaType Load (68.2ms)[0m  [1m[34mSELECT  "media_types".* FROM "media_types" WHERE "media_types"."name" = $1 LIMIT $2[0m  [["name", "Protected MPEG-4 video file"], ["LIMIT", 11]]
  [1m[36mMediaType Load (0.6ms)[0m  [1m[34mSELECT "media_types".* FROM "media_types" WHERE "media_types"."name" = $1[0m  [["name", "Protected MPEG-4 video file"]]
  [1m[36mMediaType Load (0.7ms)[0m  [1m[34mSELECT "media_types".* FROM "media_types" WHERE "media_types"."name" = $1[0m  [["name", "Protected MPEG-4 video file"]]
  [1m[35m (80.9ms)[0m  [1m[34mSELECT COUNT(*) FROM "tracks" WHERE "tracks"."media_type_id" = $1[0m  [["media_type_id", 3]]
  [1m[36mGenre Load (49.6ms)[0m  [1m[34mSELECT  "genres".* FROM "genres" WHERE "genres"."name" = $1 LIMIT $2[0m  [["name", "Hip Hop/Rap"], ["LIMIT", 11]]
  [1m[36mGenre Load (0.7ms)[0m  [1m[34mSELECT "genres".* FROM "genres" WHERE "genres"."name" = $1[0m  [["name", "Hip Hop/Rap"]]
  [1m[36mGenre Load (0.8ms)[0m  [1m[34mSELECT  "genres".* FROM "genres" WHERE "genres"."name" = $1 LIMIT $2[0m  [["name", "Hip Hop/Rap"], ["LIMIT", 11]]
  [1m[36mGenre Load (1.0ms)[0m  [1m[34mSELECT "genres".* FROM "genres" WHERE "genres"."name" = $1[0m  [["name", "Hip Hop/Rap"]]
  [1m[36mTrack Load (2.5ms)[0m  [1m[34mSELECT  "tracks".* FROM "tracks" WHERE "tracks"."genre_id" = $1 LIMIT $2[0m  [["genre_id", 17], ["LIMIT", 11]]
  [1m[36mGenre Load (0.8ms)[0m  [1m[34mSELECT "genres".* FROM "genres" WHERE "genres"."name" = $1[0m  [["name", "Hip Hop/Rap"]]
  [1m[35m (2.8ms)[0m  [1m[34mSELECT COUNT(*) FROM "tracks" WHERE "tracks"."genre_id" = $1[0m  [["genre_id", 17]]
  [1m[36mMediaType Load (0.8ms)[0m  [1m[34mSELECT  "media_types".* FROM "media_types" WHERE "media_types"."name" = $1 LIMIT $2[0m  [["name", "MPEG audio file"], ["LIMIT", 11]]
  [1m[36mMediaType Load (0.6ms)[0m  [1m[34mSELECT  "media_types".* FROM "media_types" WHERE "media_types"."id" = $1 LIMIT $2[0m  [["id", nil], ["LIMIT", 1]]
  [1m[36mMediaType Load (0.9ms)[0m  [1m[34mSELECT  "media_types".* FROM "media_types" WHERE "media_types"."name" = $1 LIMIT $2[0m  [["name", "MPEG audio file"], ["LIMIT", 11]]
  [1m[36mMediaType Load (0.5ms)[0m  [1m[34mSELECT "media_types".* FROM "media_types" WHERE "media_types"."name" = $1[0m  [["name", "MPEG audio file"]]
  [1m[35m (5.0ms)[0m  [1m[34mSELECT MAX("tracks"."unit_price") FROM "tracks" WHERE "tracks"."media_type_id" = $1[0m  [["media_type_id", 1]]
  [1m[36mMediaType Load (1.2ms)[0m  [1m[34mSELECT "media_types".* FROM "media_types" WHERE "media_types"."name" = $1[0m  [["name", "MPEG audio file"]]
  [1m[35m (5.5ms)[0m  [1m[34mSELECT MAX("tracks"."unit_price") FROM "tracks" WHERE "tracks"."media_type_id" = $1[0m  [["media_type_id", 1]]
  [1m[36mTrack Load (25.2ms)[0m  [1m[34mSELECT "tracks".* FROM "tracks" WHERE "tracks"."media_type_id" = $1 ORDER BY "tracks"."unit_price" DESC[0m  [["media_type_id", 1]]
  [1m[36mArtist Load (4.7ms)[0m  [1m[34mSELECT "artists".* FROM "artists" ORDER BY "artists"."created_at" ASC[0m
  [1m[36mGenre Load (0.8ms)[0m  [1m[34mSELECT  "genres".* FROM "genres" WHERE "genres"."name" = $1 LIMIT $2[0m  [["name", "Electronica/Dance"], ["LIMIT", 11]]
  [1m[36mMediaType Load (0.7ms)[0m  [1m[34mSELECT "media_types".* FROM "media_types" WHERE "media_types"."name" = $1[0m  [["name", "MPEG audio file"]]
  [1m[36mTrack Load (26.9ms)[0m  [1m[34mSELECT "tracks".* FROM "tracks" WHERE "tracks"."media_type_id" = $1 ORDER BY "tracks"."unit_price" DESC[0m  [["media_type_id", 1]]
  [1m[36mGenre Load (0.7ms)[0m  [1m[34mSELECT "genres".* FROM "genres" WHERE "genres"."name" = $1[0m  [["name", "Electronica/Dance"]]
  [1m[36mTrack Load (1.6ms)[0m  [1m[34mSELECT "tracks".* FROM "tracks" WHERE "tracks"."media_type_id" = $1 ORDER BY "tracks"."unit_price" ASC[0m  [["media_type_id", 15]]
  [1m[36mGenre Load (0.7ms)[0m  [1m[34mSELECT "genres".* FROM "genres" WHERE "genres"."name" = $1[0m  [["name", "Electronica/Dance"]]
  [1m[36mTrack Load (2.6ms)[0m  [1m[34mSELECT "tracks".* FROM "tracks" WHERE "tracks"."media_type_id" = $1 ORDER BY "tracks"."unit_price" ASC[0m  [["media_type_id", 15]]
  [1m[36mGenre Load (0.9ms)[0m  [1m[34mSELECT "genres".* FROM "genres" WHERE "genres"."name" = $1[0m  [["name", "Electronica/Dance"]]
  [1m[36mTrack Load (2.7ms)[0m  [1m[34mSELECT "tracks".* FROM "tracks" WHERE "tracks"."genre_id" = $1 ORDER BY "tracks"."unit_price" ASC[0m  [["genre_id", 15]]
  [1m[36mGenre Load (0.8ms)[0m  [1m[34mSELECT "genres".* FROM "genres" WHERE "genres"."name" = $1[0m  [["name", "Electronica/Dance"]]
  [1m[36mMediaType Load (0.7ms)[0m  [1m[34mSELECT "media_types".* FROM "media_types" WHERE "media_types"."name" = $1[0m  [["name", "MPEG audio file"]]
  [1m[36mTrack Load (2.3ms)[0m  [1m[34mSELECT  "tracks".* FROM "tracks" WHERE (genre_id = 15 AND media_type_id = 1) LIMIT $1[0m  [["LIMIT", 11]]
